2021-07-29T05:53:40+00:00 CRITICAL syntax error, unexpected 'echo' (T_ECHO) in /home/buybulks/public_html/wp-content/plugins/custom-customization/mycred/my-cred-my-profile-modification.php on line 78

2021-07-29T05:53:46+00:00 CRITICAL syntax error, unexpected 'echo' (T_ECHO) in /home/buybulks/public_html/wp-content/plugins/custom-customization/mycred/my-cred-my-profile-modification.php on line 78

2021-07-29T06:14:06+00:00 CRITICAL Uncaught Error: Class 'myCredProfilePageModification' not found in /home/buybulks/public_html/wp-content/plugins/custom-customization/functions.php:1114
Stack trace:
#0 /home/buybulks/public_html/wp-includes/class-wp-hook.php(303): myCredProfilePageModification('')
#1 /home/buybulks/public_html/wp-includes/class-wp-hook.php(327): WP_Hook->apply_filters(NULL, Array)
#2 /home/buybulks/public_html/wp-includes/plugin.php(470): WP_Hook->do_action(Array)
#3 /home/buybulks/public_html/wp-settings.php(441): do_action('plugins_loaded')
#4 /home/buybulks/public_html/wp-config.php(90): require_once('/home/buybulks/...')
#5 /home/buybulks/public_html/wp-load.php(50): require_once('/home/buybulks/...')
#6 /home/buybulks/public_html/wp-admin/admin-ajax.php(22): require_once('/home/buybulks/...')
#7 {main}
  thrown in /home/buybulks/public_html/wp-content/plugins/custom-customization/functions.php on line 1114

2021-07-29T06:14:06+00:00 CRITICAL Uncaught Error: Class 'myCredProfilePageModification' not found in /home/buybulks/public_html/wp-content/plugins/custom-customization/functions.php:1114
Stack trace:
#0 /home/buybulks/public_html/wp-includes/class-wp-hook.php(303): myCredProfilePageModification('')
#1 /home/buybulks/public_html/wp-includes/class-wp-hook.php(327): WP_Hook->apply_filters(NULL, Array)
#2 /home/buybulks/public_html/wp-includes/plugin.php(470): WP_Hook->do_action(Array)
#3 /home/buybulks/public_html/wp-settings.php(441): do_action('plugins_loaded')
#4 /home/buybulks/public_html/wp-config.php(90): require_once('/home/buybulks/...')
#5 /home/buybulks/public_html/wp-load.php(50): require_once('/home/buybulks/...')
#6 /home/buybulks/public_html/wp-admin/admin-ajax.php(22): require_once('/home/buybulks/...')
#7 {main}
  thrown in /home/buybulks/public_html/wp-content/plugins/custom-customization/functions.php on line 1114

2021-07-29T06:31:09+00:00 CRITICAL Uncaught Error: Cannot use object of type WP_Post as array in /home/buybulks/public_html/wp-content/plugins/custom-customization/mycred/my-cred-my-profile-modification.php:83
Stack trace:
#0 /home/buybulks/public_html/wp-includes/class-wp-hook.php(303): myCredProfilePageModification->checkingTicketExist('')
#1 /home/buybulks/public_html/wp-includes/class-wp-hook.php(327): WP_Hook->apply_filters('', Array)
#2 /home/buybulks/public_html/wp-includes/plugin.php(470): WP_Hook->do_action(Array)
#3 /home/buybulks/public_html/wp-admin/admin-ajax.php(187): do_action('wp_ajax_tickets...')
#4 {main}
  thrown in /home/buybulks/public_html/wp-content/plugins/custom-customization/mycred/my-cred-my-profile-modification.php on line 83

2021-07-29T06:31:24+00:00 CRITICAL Uncaught Error: Cannot use object of type WP_Post as array in /home/buybulks/public_html/wp-content/plugins/custom-customization/mycred/my-cred-my-profile-modification.php:83
Stack trace:
#0 /home/buybulks/public_html/wp-includes/class-wp-hook.php(303): myCredProfilePageModification->checkingTicketExist('')
#1 /home/buybulks/public_html/wp-includes/class-wp-hook.php(327): WP_Hook->apply_filters('', Array)
#2 /home/buybulks/public_html/wp-includes/plugin.php(470): WP_Hook->do_action(Array)
#3 /home/buybulks/public_html/wp-admin/admin-ajax.php(187): do_action('wp_ajax_tickets...')
#4 {main}
  thrown in /home/buybulks/public_html/wp-content/plugins/custom-customization/mycred/my-cred-my-profile-modification.php on line 83

2021-07-29T06:38:27+00:00 CRITICAL Uncaught Error: Cannot use object of type WP_Post as array in /home/buybulks/public_html/wp-content/plugins/custom-customization/mycred/my-cred-my-profile-modification.php:88
Stack trace:
#0 /home/buybulks/public_html/wp-includes/class-wp-hook.php(303): myCredProfilePageModification->checkingTicketExist('')
#1 /home/buybulks/public_html/wp-includes/class-wp-hook.php(327): WP_Hook->apply_filters('', Array)
#2 /home/buybulks/public_html/wp-includes/plugin.php(470): WP_Hook->do_action(Array)
#3 /home/buybulks/public_html/wp-admin/admin-ajax.php(187): do_action('wp_ajax_tickets...')
#4 {main}
  thrown in /home/buybulks/public_html/wp-content/plugins/custom-customization/mycred/my-cred-my-profile-modification.php on line 88

2021-07-29T06:43:15+00:00 CRITICAL Uncaught Error: Cannot use object of type WP_Post as array in /home/buybulks/public_html/wp-content/plugins/custom-customization/mycred/my-cred-my-profile-modification.php:91
Stack trace:
#0 /home/buybulks/public_html/wp-includes/class-wp-hook.php(303): myCredProfilePageModification->checkingTicketExist('')
#1 /home/buybulks/public_html/wp-includes/class-wp-hook.php(327): WP_Hook->apply_filters('', Array)
#2 /home/buybulks/public_html/wp-includes/plugin.php(470): WP_Hook->do_action(Array)
#3 /home/buybulks/public_html/wp-admin/admin-ajax.php(187): do_action('wp_ajax_tickets...')
#4 {main}
  thrown in /home/buybulks/public_html/wp-content/plugins/custom-customization/mycred/my-cred-my-profile-modification.php on line 91

2021-07-29T06:44:56+00:00 CRITICAL Uncaught Error: Cannot use object of type WP_Post as array in /home/buybulks/public_html/wp-content/plugins/custom-customization/mycred/my-cred-my-profile-modification.php:89
Stack trace:
#0 /home/buybulks/public_html/wp-includes/class-wp-hook.php(303): myCredProfilePageModification->checkingTicketExist('')
#1 /home/buybulks/public_html/wp-includes/class-wp-hook.php(327): WP_Hook->apply_filters('', Array)
#2 /home/buybulks/public_html/wp-includes/plugin.php(470): WP_Hook->do_action(Array)
#3 /home/buybulks/public_html/wp-admin/admin-ajax.php(187): do_action('wp_ajax_tickets...')
#4 {main}
  thrown in /home/buybulks/public_html/wp-content/plugins/custom-customization/mycred/my-cred-my-profile-modification.php on line 89

2021-07-29T06:46:45+00:00 CRITICAL Uncaught Error: Cannot use object of type WP_Post as array in /home/buybulks/public_html/wp-content/plugins/custom-customization/mycred/my-cred-my-profile-modification.php:90
Stack trace:
#0 /home/buybulks/public_html/wp-includes/class-wp-hook.php(303): myCredProfilePageModification->checkingTicketExist('')
#1 /home/buybulks/public_html/wp-includes/class-wp-hook.php(327): WP_Hook->apply_filters('', Array)
#2 /home/buybulks/public_html/wp-includes/plugin.php(470): WP_Hook->do_action(Array)
#3 /home/buybulks/public_html/wp-admin/admin-ajax.php(187): do_action('wp_ajax_tickets...')
#4 {main}
  thrown in /home/buybulks/public_html/wp-content/plugins/custom-customization/mycred/my-cred-my-profile-modification.php on line 90

2021-07-29T06:47:37+00:00 CRITICAL Uncaught Error: Cannot use object of type WP_Post as array in /home/buybulks/public_html/wp-content/plugins/custom-customization/mycred/my-cred-my-profile-modification.php:90
Stack trace:
#0 /home/buybulks/public_html/wp-includes/class-wp-hook.php(303): myCredProfilePageModification->checkingTicketExist('')
#1 /home/buybulks/public_html/wp-includes/class-wp-hook.php(327): WP_Hook->apply_filters('', Array)
#2 /home/buybulks/public_html/wp-includes/plugin.php(470): WP_Hook->do_action(Array)
#3 /home/buybulks/public_html/wp-admin/admin-ajax.php(187): do_action('wp_ajax_tickets...')
#4 {main}
  thrown in /home/buybulks/public_html/wp-content/plugins/custom-customization/mycred/my-cred-my-profile-modification.php on line 90

2021-07-29T06:48:59+00:00 CRITICAL Uncaught Error: Cannot use object of type WP_Post as array in /home/buybulks/public_html/wp-content/plugins/custom-customization/mycred/my-cred-my-profile-modification.php:90
Stack trace:
#0 /home/buybulks/public_html/wp-includes/class-wp-hook.php(303): myCredProfilePageModification->checkingTicketExist('')
#1 /home/buybulks/public_html/wp-includes/class-wp-hook.php(327): WP_Hook->apply_filters('', Array)
#2 /home/buybulks/public_html/wp-includes/plugin.php(470): WP_Hook->do_action(Array)
#3 /home/buybulks/public_html/wp-admin/admin-ajax.php(187): do_action('wp_ajax_tickets...')
#4 {main}
  thrown in /home/buybulks/public_html/wp-content/plugins/custom-customization/mycred/my-cred-my-profile-modification.php on line 90

2021-07-29T08:20:50+00:00 CRITICAL Uncaught Error: Class 'myCredProfilePageModification' not found in /home/buybulks/public_html/wp-content/plugins/custom-customization/functions.php:1114
Stack trace:
#0 /home/buybulks/public_html/wp-includes/class-wp-hook.php(303): myCredProfilePageModification('')
#1 /home/buybulks/public_html/wp-includes/class-wp-hook.php(327): WP_Hook->apply_filters(NULL, Array)
#2 /home/buybulks/public_html/wp-includes/plugin.php(470): WP_Hook->do_action(Array)
#3 /home/buybulks/public_html/wp-settings.php(441): do_action('plugins_loaded')
#4 /home/buybulks/public_html/wp-config.php(90): require_once('/home/buybulks/...')
#5 /home/buybulks/public_html/wp-load.php(50): require_once('/home/buybulks/...')
#6 /home/buybulks/public_html/wp-blog-header.php(13): require_once('/home/buybulks/...')
#7 /home/buybulks/public_html/index.php(17): require('/home/buybulks/...')
#8 {main}
  thrown in /home/buybulks/public_html/wp-content/plugins/custom-customization/functions.php on line 1114

2021-07-29T09:13:08+00:00 CRITICAL Uncaught Error: Call to a member function get_id() on null in /home/buybulks/public_html/wp-content/plugins/custom-customization/mycred/handle-point-based-item-checkout.php:76
Stack trace:
#0 /home/buybulks/public_html/wp-includes/class-wp-hook.php(303): handPointBasedItemCheckout->FilterTochangeCurrencyForOrderStatusDetails(true)
#1 /home/buybulks/public_html/wp-includes/class-wp-hook.php(327): WP_Hook->apply_filters('', Array)
#2 /home/buybulks/public_html/wp-includes/plugin.php(470): WP_Hook->do_action(Array)
#3 /home/buybulks/public_html/wp-content/plugins/woocommerce/templates/myaccount/orders.php(22): do_action('woocommerce_bef...', true)
#4 /home/buybulks/public_html/wp-content/plugins/woocommerce/includes/wc-core-functions.php(345): include('/home/buybulks/...')
#5 /home/buybulks/public_html/wp-content/plugins/woocommerce/includes/wc-template-functions.php(3127): wc_get_template('myaccount/order...', Array)
#6 /home/buybulks/public_html/wp-includes/class-wp-hook.php(303): woocommerce_account_orders(1) in /home/buybulks/public_html/wp-content/plugins/custom-customization/mycred/handle-point-based-item-checkout.php on line 76

2021-07-29T09:13:51+00:00 CRITICAL Uncaught Error: Call to a member function get_id() on null in /home/buybulks/public_html/wp-content/plugins/custom-customization/mycred/handle-point-based-item-checkout.php:75
Stack trace:
#0 /home/buybulks/public_html/wp-includes/class-wp-hook.php(303): handPointBasedItemCheckout->FilterTochangeCurrencyForOrderStatusDetails(true)
#1 /home/buybulks/public_html/wp-includes/class-wp-hook.php(327): WP_Hook->apply_filters('', Array)
#2 /home/buybulks/public_html/wp-includes/plugin.php(470): WP_Hook->do_action(Array)
#3 /home/buybulks/public_html/wp-content/plugins/woocommerce/templates/myaccount/orders.php(22): do_action('woocommerce_bef...', true)
#4 /home/buybulks/public_html/wp-content/plugins/woocommerce/includes/wc-core-functions.php(345): include('/home/buybulks/...')
#5 /home/buybulks/public_html/wp-content/plugins/woocommerce/includes/wc-template-functions.php(3127): wc_get_template('myaccount/order...', Array)
#6 /home/buybulks/public_html/wp-includes/class-wp-hook.php(303): woocommerce_account_orders(1) in /home/buybulks/public_html/wp-content/plugins/custom-customization/mycred/handle-point-based-item-checkout.php on line 75

2021-07-29T09:15:14+00:00 CRITICAL Uncaught Error: Call to a member function get_id() on null in /home/buybulks/public_html/wp-content/plugins/custom-customization/mycred/handle-point-based-item-checkout.php:75
Stack trace:
#0 /home/buybulks/public_html/wp-includes/class-wp-hook.php(303): handPointBasedItemCheckout->FilterTochangeCurrencyForOrderStatusDetails(true)
#1 /home/buybulks/public_html/wp-includes/class-wp-hook.php(327): WP_Hook->apply_filters('', Array)
#2 /home/buybulks/public_html/wp-includes/plugin.php(470): WP_Hook->do_action(Array)
#3 /home/buybulks/public_html/wp-content/plugins/woocommerce/templates/myaccount/orders.php(22): do_action('woocommerce_bef...', true)
#4 /home/buybulks/public_html/wp-content/plugins/woocommerce/includes/wc-core-functions.php(345): include('/home/buybulks/...')
#5 /home/buybulks/public_html/wp-content/plugins/woocommerce/includes/wc-template-functions.php(3127): wc_get_template('myaccount/order...', Array)
#6 /home/buybulks/public_html/wp-includes/class-wp-hook.php(303): woocommerce_account_orders(1) in /home/buybulks/public_html/wp-content/plugins/custom-customization/mycred/handle-point-based-item-checkout.php on line 75

2021-07-29T09:16:39+00:00 CRITICAL Uncaught Error: Call to a member function get_id() on null in /home/buybulks/public_html/wp-content/plugins/custom-customization/mycred/handle-point-based-item-checkout.php:75
Stack trace:
#0 /home/buybulks/public_html/wp-includes/class-wp-hook.php(303): handPointBasedItemCheckout->FilterTochangeCurrencyForOrderStatusDetails(true)
#1 /home/buybulks/public_html/wp-includes/class-wp-hook.php(327): WP_Hook->apply_filters('', Array)
#2 /home/buybulks/public_html/wp-includes/plugin.php(470): WP_Hook->do_action(Array)
#3 /home/buybulks/public_html/wp-content/plugins/woocommerce/templates/myaccount/orders.php(22): do_action('woocommerce_bef...', true)
#4 /home/buybulks/public_html/wp-content/plugins/woocommerce/includes/wc-core-functions.php(345): include('/home/buybulks/...')
#5 /home/buybulks/public_html/wp-content/plugins/woocommerce/includes/wc-template-functions.php(3127): wc_get_template('myaccount/order...', Array)
#6 /home/buybulks/public_html/wp-includes/class-wp-hook.php(303): woocommerce_account_orders(1) in /home/buybulks/public_html/wp-content/plugins/custom-customization/mycred/handle-point-based-item-checkout.php on line 75

2021-07-29T09:17:06+00:00 CRITICAL Uncaught Error: Call to a member function get_id() on bool in /home/buybulks/public_html/wp-content/plugins/custom-customization/mycred/handle-point-based-item-checkout.php:75
Stack trace:
#0 /home/buybulks/public_html/wp-includes/class-wp-hook.php(303): handPointBasedItemCheckout->FilterTochangeCurrencyForOrderStatusDetails(true)
#1 /home/buybulks/public_html/wp-includes/class-wp-hook.php(327): WP_Hook->apply_filters('', Array)
#2 /home/buybulks/public_html/wp-includes/plugin.php(470): WP_Hook->do_action(Array)
#3 /home/buybulks/public_html/wp-content/plugins/woocommerce/templates/myaccount/orders.php(22): do_action('woocommerce_bef...', true)
#4 /home/buybulks/public_html/wp-content/plugins/woocommerce/includes/wc-core-functions.php(345): include('/home/buybulks/...')
#5 /home/buybulks/public_html/wp-content/plugins/woocommerce/includes/wc-template-functions.php(3127): wc_get_template('myaccount/order...', Array)
#6 /home/buybulks/public_html/wp-includes/class-wp-hook.php(303): woocommerce_account_orders(1) in /home/buybulks/public_html/wp-content/plugins/custom-customization/mycred/handle-point-based-item-checkout.php on line 75

2021-07-29T09:32:15+00:00 CRITICAL Uncaught Error: Call to a member function get_order_number() on bool in /home/buybulks/public_html/wp-content/plugins/custom-customization/mycred/handle-point-based-item-checkout.php:77
Stack trace:
#0 /home/buybulks/public_html/wp-includes/class-wp-hook.php(303): handPointBasedItemCheckout->FilterTochangeCurrencyForOrderStatusDetails(true)
#1 /home/buybulks/public_html/wp-includes/class-wp-hook.php(327): WP_Hook->apply_filters('', Array)
#2 /home/buybulks/public_html/wp-includes/plugin.php(470): WP_Hook->do_action(Array)
#3 /home/buybulks/public_html/wp-content/plugins/woocommerce/templates/myaccount/orders.php(22): do_action('woocommerce_bef...', true)
#4 /home/buybulks/public_html/wp-content/plugins/woocommerce/includes/wc-core-functions.php(345): include('/home/buybulks/...')
#5 /home/buybulks/public_html/wp-content/plugins/woocommerce/includes/wc-template-functions.php(3127): wc_get_template('myaccount/order...', Array)
#6 /home/buybulks/public_html/wp-includes/class-wp-hook.php(303): woocommerce_account in /home/buybulks/public_html/wp-content/plugins/custom-customization/mycred/handle-point-based-item-checkout.php on line 77

2021-07-29T09:32:19+00:00 CRITICAL Uncaught Error: Call to a member function get_order_number() on bool in /home/buybulks/public_html/wp-content/plugins/custom-customization/mycred/handle-point-based-item-checkout.php:77
Stack trace:
#0 /home/buybulks/public_html/wp-includes/class-wp-hook.php(303): handPointBasedItemCheckout->FilterTochangeCurrencyForOrderStatusDetails(true)
#1 /home/buybulks/public_html/wp-includes/class-wp-hook.php(327): WP_Hook->apply_filters('', Array)
#2 /home/buybulks/public_html/wp-includes/plugin.php(470): WP_Hook->do_action(Array)
#3 /home/buybulks/public_html/wp-content/plugins/woocommerce/templates/myaccount/orders.php(22): do_action('woocommerce_bef...', true)
#4 /home/buybulks/public_html/wp-content/plugins/woocommerce/includes/wc-core-functions.php(345): include('/home/buybulks/...')
#5 /home/buybulks/public_html/wp-content/plugins/woocommerce/includes/wc-template-functions.php(3127): wc_get_template('myaccount/order...', Array)
#6 /home/buybulks/public_html/wp-includes/class-wp-hook.php(303): woocommerce_account in /home/buybulks/public_html/wp-content/plugins/custom-customization/mycred/handle-point-based-item-checkout.php on line 77

2021-07-29T09:32:58+00:00 CRITICAL Uncaught Error: Call to a member function get_order_number() on null in /home/buybulks/public_html/wp-content/plugins/custom-customization/mycred/handle-point-based-item-checkout.php:77
Stack trace:
#0 /home/buybulks/public_html/wp-includes/class-wp-hook.php(303): handPointBasedItemCheckout->FilterTochangeCurrencyForOrderStatusDetails(true)
#1 /home/buybulks/public_html/wp-includes/class-wp-hook.php(327): WP_Hook->apply_filters('', Array)
#2 /home/buybulks/public_html/wp-includes/plugin.php(470): WP_Hook->do_action(Array)
#3 /home/buybulks/public_html/wp-content/plugins/woocommerce/templates/myaccount/orders.php(22): do_action('woocommerce_bef...', true)
#4 /home/buybulks/public_html/wp-content/plugins/woocommerce/includes/wc-core-functions.php(345): include('/home/buybulks/...')
#5 /home/buybulks/public_html/wp-content/plugins/woocommerce/includes/wc-template-functions.php(3127): wc_get_template('myaccount/order...', Array)
#6 /home/buybulks/public_html/wp-includes/class-wp-hook.php(303): woocommerce_account in /home/buybulks/public_html/wp-content/plugins/custom-customization/mycred/handle-point-based-item-checkout.php on line 77

2021-07-29T09:33:01+00:00 CRITICAL Uncaught Error: Call to a member function get_order_number() on null in /home/buybulks/public_html/wp-content/plugins/custom-customization/mycred/handle-point-based-item-checkout.php:77
Stack trace:
#0 /home/buybulks/public_html/wp-includes/class-wp-hook.php(303): handPointBasedItemCheckout->FilterTochangeCurrencyForOrderStatusDetails(true)
#1 /home/buybulks/public_html/wp-includes/class-wp-hook.php(327): WP_Hook->apply_filters('', Array)
#2 /home/buybulks/public_html/wp-includes/plugin.php(470): WP_Hook->do_action(Array)
#3 /home/buybulks/public_html/wp-content/plugins/woocommerce/templates/myaccount/orders.php(22): do_action('woocommerce_bef...', true)
#4 /home/buybulks/public_html/wp-content/plugins/woocommerce/includes/wc-core-functions.php(345): include('/home/buybulks/...')
#5 /home/buybulks/public_html/wp-content/plugins/woocommerce/includes/wc-template-functions.php(3127): wc_get_template('myaccount/order...', Array)
#6 /home/buybulks/public_html/wp-includes/class-wp-hook.php(303): woocommerce_account in /home/buybulks/public_html/wp-content/plugins/custom-customization/mycred/handle-point-based-item-checkout.php on line 77

2021-07-29T09:36:02+00:00 CRITICAL Uncaught Error: Call to a member function get_status() on bool in /home/buybulks/public_html/wp-content/plugins/custom-customization/mycred/handle-point-based-item-checkout.php:79
Stack trace:
#0 /home/buybulks/public_html/wp-includes/class-wp-hook.php(303): handPointBasedItemCheckout->FilterTochangeCurrencyForOrderStatusDetails(true)
#1 /home/buybulks/public_html/wp-includes/class-wp-hook.php(327): WP_Hook->apply_filters('', Array)
#2 /home/buybulks/public_html/wp-includes/plugin.php(470): WP_Hook->do_action(Array)
#3 /home/buybulks/public_html/wp-content/plugins/woocommerce/templates/myaccount/orders.php(22): do_action('woocommerce_bef...', true)
#4 /home/buybulks/public_html/wp-content/plugins/woocommerce/includes/wc-core-functions.php(345): include('/home/buybulks/...')
#5 /home/buybulks/public_html/wp-content/plugins/woocommerce/includes/wc-template-functions.php(3127): wc_get_template('myaccount/order...', Array)
#6 /home/buybulks/public_html/wp-includes/class-wp-hook.php(303): woocommerce_account_order in /home/buybulks/public_html/wp-content/plugins/custom-customization/mycred/handle-point-based-item-checkout.php on line 79

2021-07-29T09:36:06+00:00 CRITICAL Uncaught Error: Call to a member function get_status() on bool in /home/buybulks/public_html/wp-content/plugins/custom-customization/mycred/handle-point-based-item-checkout.php:79
Stack trace:
#0 /home/buybulks/public_html/wp-includes/class-wp-hook.php(303): handPointBasedItemCheckout->FilterTochangeCurrencyForOrderStatusDetails(true)
#1 /home/buybulks/public_html/wp-includes/class-wp-hook.php(327): WP_Hook->apply_filters('', Array)
#2 /home/buybulks/public_html/wp-includes/plugin.php(470): WP_Hook->do_action(Array)
#3 /home/buybulks/public_html/wp-content/plugins/woocommerce/templates/myaccount/orders.php(22): do_action('woocommerce_bef...', true)
#4 /home/buybulks/public_html/wp-content/plugins/woocommerce/includes/wc-core-functions.php(345): include('/home/buybulks/...')
#5 /home/buybulks/public_html/wp-content/plugins/woocommerce/includes/wc-template-functions.php(3127): wc_get_template('myaccount/order...', Array)
#6 /home/buybulks/public_html/wp-includes/class-wp-hook.php(303): woocommerce_account_order in /home/buybulks/public_html/wp-content/plugins/custom-customization/mycred/handle-point-based-item-checkout.php on line 79

2021-07-29T09:36:09+00:00 CRITICAL Uncaught Error: Call to a member function get_status() on bool in /home/buybulks/public_html/wp-content/plugins/custom-customization/mycred/handle-point-based-item-checkout.php:79
Stack trace:
#0 /home/buybulks/public_html/wp-includes/class-wp-hook.php(303): handPointBasedItemCheckout->FilterTochangeCurrencyForOrderStatusDetails(true)
#1 /home/buybulks/public_html/wp-includes/class-wp-hook.php(327): WP_Hook->apply_filters('', Array)
#2 /home/buybulks/public_html/wp-includes/plugin.php(470): WP_Hook->do_action(Array)
#3 /home/buybulks/public_html/wp-content/plugins/woocommerce/templates/myaccount/orders.php(22): do_action('woocommerce_bef...', true)
#4 /home/buybulks/public_html/wp-content/plugins/woocommerce/includes/wc-core-functions.php(345): include('/home/buybulks/...')
#5 /home/buybulks/public_html/wp-content/plugins/woocommerce/includes/wc-template-functions.php(3127): wc_get_template('myaccount/order...', Array)
#6 /home/buybulks/public_html/wp-includes/class-wp-hook.php(303): woocommerce_account_order in /home/buybulks/public_html/wp-content/plugins/custom-customization/mycred/handle-point-based-item-checkout.php on line 79

2021-07-29T11:08:19+00:00 CRITICAL Uncaught Error: Class 'handPointBasedItemCheckout' not found in /home/buybulks/public_html/wp-content/plugins/custom-customization/functions.php:1132
Stack trace:
#0 /home/buybulks/public_html/wp-includes/class-wp-hook.php(303): handPointBasedItemCheckout('')
#1 /home/buybulks/public_html/wp-includes/class-wp-hook.php(327): WP_Hook->apply_filters(Object(myCredProfilePageModification), Array)
#2 /home/buybulks/public_html/wp-includes/plugin.php(470): WP_Hook->do_action(Array)
#3 /home/buybulks/public_html/wp-settings.php(441): do_action('plugins_loaded')
#4 /home/buybulks/public_html/wp-config.php(90): require_once('/home/buybulks/...')
#5 /home/buybulks/public_html/wp-load.php(50): require_once('/home/buybulks/...')
#6 /home/buybulks/public_html/wp-blog-header.php(13): require_once('/home/buybulks/...')
#7 /home/buybulks/public_html/index.php(17): require('/home/buybulks/...')
#8 {main}
  thrown in /home/buybulks/public_html/wp-content/plugins/custom-customization/functions.php on line 1132

2021-07-29T11:08:19+00:00 CRITICAL Uncaught Error: Class 'handPointBasedItemCheckout' not found in /home/buybulks/public_html/wp-content/plugins/custom-customization/functions.php:1132
Stack trace:
#0 /home/buybulks/public_html/wp-includes/class-wp-hook.php(303): handPointBasedItemCheckout('')
#1 /home/buybulks/public_html/wp-includes/class-wp-hook.php(327): WP_Hook->apply_filters(Object(myCredProfilePageModification), Array)
#2 /home/buybulks/public_html/wp-includes/plugin.php(470): WP_Hook->do_action(Array)
#3 /home/buybulks/public_html/wp-settings.php(441): do_action('plugins_loaded')
#4 /home/buybulks/public_html/wp-config.php(90): require_once('/home/buybulks/...')
#5 /home/buybulks/public_html/wp-load.php(50): require_once('/home/buybulks/...')
#6 /home/buybulks/public_html/wp-admin/admin-ajax.php(22): require_once('/home/buybulks/...')
#7 {main}
  thrown in /home/buybulks/public_html/wp-content/plugins/custom-customization/functions.php on line 1132

2021-07-29T11:11:35+00:00 CRITICAL Uncaught Error: Call to a member function get_id() on bool in /home/buybulks/public_html/wp-content/plugins/custom-customization/mycred/handle-point-based-item-checkout.php:85
Stack trace:
#0 /home/buybulks/public_html/wp-includes/class-wp-hook.php(303): handPointBasedItemCheckout->FilterTochangeCurrencyForOrderStatusDetails(true)
#1 /home/buybulks/public_html/wp-includes/class-wp-hook.php(327): WP_Hook->apply_filters('', Array)
#2 /home/buybulks/public_html/wp-includes/plugin.php(470): WP_Hook->do_action(Array)
#3 /home/buybulks/public_html/wp-content/plugins/woocommerce/templates/myaccount/orders.php(22): do_action('woocommerce_bef...', true)
#4 /home/buybulks/public_html/wp-content/plugins/woocommerce/includes/wc-core-functions.php(345): include('/home/buybulks/...')
#5 /home/buybulks/public_html/wp-content/plugins/woocommerce/includes/wc-template-functions.php(3127): wc_get_template('myaccount/order...', Array)
#6 /home/buybulks/public_html/wp-includes/class-wp-hook.php(303): woocommerce_account_orders(1) in /home/buybulks/public_html/wp-content/plugins/custom-customization/mycred/handle-point-based-item-checkout.php on line 85

2021-07-29T11:11:56+00:00 CRITICAL Uncaught Error: Call to a member function get_id() on bool in /home/buybulks/public_html/wp-content/plugins/custom-customization/mycred/handle-point-based-item-checkout.php:85
Stack trace:
#0 /home/buybulks/public_html/wp-includes/class-wp-hook.php(303): handPointBasedItemCheckout->FilterTochangeCurrencyForOrderStatusDetails(true)
#1 /home/buybulks/public_html/wp-includes/class-wp-hook.php(327): WP_Hook->apply_filters('', Array)
#2 /home/buybulks/public_html/wp-includes/plugin.php(470): WP_Hook->do_action(Array)
#3 /home/buybulks/public_html/wp-content/plugins/woocommerce/templates/myaccount/orders.php(22): do_action('woocommerce_bef...', true)
#4 /home/buybulks/public_html/wp-content/plugins/woocommerce/includes/wc-core-functions.php(345): include('/home/buybulks/...')
#5 /home/buybulks/public_html/wp-content/plugins/woocommerce/includes/wc-template-functions.php(3127): wc_get_template('myaccount/order...', Array)
#6 /home/buybulks/public_html/wp-includes/class-wp-hook.php(303): woocommerce_account_orders(1) in /home/buybulks/public_html/wp-content/plugins/custom-customization/mycred/handle-point-based-item-checkout.php on line 85

2021-07-29T11:11:58+00:00 CRITICAL Uncaught Error: Call to a member function get_id() on bool in /home/buybulks/public_html/wp-content/plugins/custom-customization/mycred/handle-point-based-item-checkout.php:85
Stack trace:
#0 /home/buybulks/public_html/wp-includes/class-wp-hook.php(303): handPointBasedItemCheckout->FilterTochangeCurrencyForOrderStatusDetails(true)
#1 /home/buybulks/public_html/wp-includes/class-wp-hook.php(327): WP_Hook->apply_filters('', Array)
#2 /home/buybulks/public_html/wp-includes/plugin.php(470): WP_Hook->do_action(Array)
#3 /home/buybulks/public_html/wp-content/plugins/woocommerce/templates/myaccount/orders.php(22): do_action('woocommerce_bef...', true)
#4 /home/buybulks/public_html/wp-content/plugins/woocommerce/includes/wc-core-functions.php(345): include('/home/buybulks/...')
#5 /home/buybulks/public_html/wp-content/plugins/woocommerce/includes/wc-template-functions.php(3127): wc_get_template('myaccount/order...', Array)
#6 /home/buybulks/public_html/wp-includes/class-wp-hook.php(303): woocommerce_account_orders(1) in /home/buybulks/public_html/wp-content/plugins/custom-customization/mycred/handle-point-based-item-checkout.php on line 85

2021-07-29T11:12:41+00:00 CRITICAL Uncaught Error: Call to a member function get_id() on bool in /home/buybulks/public_html/wp-content/plugins/custom-customization/mycred/handle-point-based-item-checkout.php:85
Stack trace:
#0 /home/buybulks/public_html/wp-includes/class-wp-hook.php(303): handPointBasedItemCheckout->FilterTochangeCurrencyForOrderStatusDetails(true)
#1 /home/buybulks/public_html/wp-includes/class-wp-hook.php(327): WP_Hook->apply_filters('', Array)
#2 /home/buybulks/public_html/wp-includes/plugin.php(470): WP_Hook->do_action(Array)
#3 /home/buybulks/public_html/wp-content/plugins/woocommerce/templates/myaccount/orders.php(22): do_action('woocommerce_bef...', true)
#4 /home/buybulks/public_html/wp-content/plugins/woocommerce/includes/wc-core-functions.php(345): include('/home/buybulks/...')
#5 /home/buybulks/public_html/wp-content/plugins/woocommerce/includes/wc-template-functions.php(3127): wc_get_template('myaccount/order...', Array)
#6 /home/buybulks/public_html/wp-includes/class-wp-hook.php(303): woocommerce_account_orders(1) in /home/buybulks/public_html/wp-content/plugins/custom-customization/mycred/handle-point-based-item-checkout.php on line 85

2021-07-29T12:54:28+00:00 CRITICAL Uncaught Error: Call to undefined method Automattic\WooCommerce\Admin\Overrides\Order::get_formatted_order_subtotal() in /home/buybulks/public_html/wp-content/plugins/custom-customization/woocommerce/template/myaccount/orders.php:67
Stack trace:
#0 /home/buybulks/public_html/wp-content/plugins/woocommerce/includes/wc-core-functions.php(345): include()
#1 /home/buybulks/public_html/wp-content/plugins/woocommerce/includes/wc-template-functions.php(3127): wc_get_template('myaccount/order...', Array)
#2 /home/buybulks/public_html/wp-includes/class-wp-hook.php(303): woocommerce_account_orders(1)
#3 /home/buybulks/public_html/wp-includes/class-wp-hook.php(327): WP_Hook->apply_filters('', Array)
#4 /home/buybulks/public_html/wp-includes/plugin.php(470): WP_Hook->do_action(Array)
#5 /home/buybulks/public_html/wp-content/plugins/woocommerce/includes/wc-template-functions.php(3076): do_action('woocommerce_acc...', '')
#6 /home/buybulks/public_html/wp-includes/class-wp-hook.php(303): woocommerce_account_content('')
#7 / in /home/buybulks/public_html/wp-content/plugins/custom-customization/woocommerce/template/myaccount/orders.php on line 67

2021-07-29T12:55:46+00:00 CRITICAL Uncaught Error: Call to undefined method Automattic\WooCommerce\Admin\Overrides\Order::get_formatted_subtotal() in /home/buybulks/public_html/wp-content/plugins/custom-customization/woocommerce/template/myaccount/orders.php:67
Stack trace:
#0 /home/buybulks/public_html/wp-content/plugins/woocommerce/includes/wc-core-functions.php(345): include()
#1 /home/buybulks/public_html/wp-content/plugins/woocommerce/includes/wc-template-functions.php(3127): wc_get_template('myaccount/order...', Array)
#2 /home/buybulks/public_html/wp-includes/class-wp-hook.php(303): woocommerce_account_orders(1)
#3 /home/buybulks/public_html/wp-includes/class-wp-hook.php(327): WP_Hook->apply_filters('', Array)
#4 /home/buybulks/public_html/wp-includes/plugin.php(470): WP_Hook->do_action(Array)
#5 /home/buybulks/public_html/wp-content/plugins/woocommerce/includes/wc-template-functions.php(3076): do_action('woocommerce_acc...', '')
#6 /home/buybulks/public_html/wp-includes/class-wp-hook.php(303): woocommerce_account_content('')
#7 /home/b in /home/buybulks/public_html/wp-content/plugins/custom-customization/woocommerce/template/myaccount/orders.php on line 67

2021-07-29T12:58:05+00:00 CRITICAL Uncaught ArgumentCountError: Too few arguments to function WC_Abstract_Order::get_line_subtotal(), 0 passed in /home/buybulks/public_html/wp-content/plugins/custom-customization/woocommerce/template/myaccount/orders.php on line 67 and at least 1 expected in /home/buybulks/public_html/wp-content/plugins/woocommerce/includes/abstracts/abstract-wc-order.php:1786
Stack trace:
#0 /home/buybulks/public_html/wp-content/plugins/custom-customization/woocommerce/template/myaccount/orders.php(67): WC_Abstract_Order->get_line_subtotal()
#1 /home/buybulks/public_html/wp-content/plugins/woocommerce/includes/wc-core-functions.php(345): include('/home/buybulks/...')
#2 /home/buybulks/public_html/wp-content/plugins/woocommerce/includes/wc-template-functions.php(3127): wc_get_template('myaccount/order...', Array)
#3 /home/buybulks/public_html/wp-includes/class-wp-hook.php(303): woocommerce_account_orders(1)
#4 /home/buybulks/public_html/wp-includes/class-wp-hook.php(327): WP_Hook->apply_filters('', Array)
#5 /home/buybulks/pub in /home/buybulks/public_html/wp-content/plugins/woocommerce/includes/abstracts/abstract-wc-order.php on line 1786

2021-07-29T12:58:47+00:00 CRITICAL Uncaught Error: Call to undefined method Automattic\WooCommerce\Admin\Overrides\Order::get_formatted_total() in /home/buybulks/public_html/wp-content/plugins/custom-customization/woocommerce/template/myaccount/orders.php:67
Stack trace:
#0 /home/buybulks/public_html/wp-content/plugins/woocommerce/includes/wc-core-functions.php(345): include()
#1 /home/buybulks/public_html/wp-content/plugins/woocommerce/includes/wc-template-functions.php(3127): wc_get_template('myaccount/order...', Array)
#2 /home/buybulks/public_html/wp-includes/class-wp-hook.php(303): woocommerce_account_orders(1)
#3 /home/buybulks/public_html/wp-includes/class-wp-hook.php(327): WP_Hook->apply_filters('', Array)
#4 /home/buybulks/public_html/wp-includes/plugin.php(470): WP_Hook->do_action(Array)
#5 /home/buybulks/public_html/wp-content/plugins/woocommerce/includes/wc-template-functions.php(3076): do_action('woocommerce_acc...', '')
#6 /home/buybulks/public_html/wp-includes/class-wp-hook.php(303): woocommerce_account_content('')
#7 /home/buyb in /home/buybulks/public_html/wp-content/plugins/custom-customization/woocommerce/template/myaccount/orders.php on line 67

2021-07-29T12:58:51+00:00 CRITICAL Uncaught Error: Call to undefined method Automattic\WooCommerce\Admin\Overrides\Order::get_formatted_total() in /home/buybulks/public_html/wp-content/plugins/custom-customization/woocommerce/template/myaccount/orders.php:67
Stack trace:
#0 /home/buybulks/public_html/wp-content/plugins/woocommerce/includes/wc-core-functions.php(345): include()
#1 /home/buybulks/public_html/wp-content/plugins/woocommerce/includes/wc-template-functions.php(3127): wc_get_template('myaccount/order...', Array)
#2 /home/buybulks/public_html/wp-includes/class-wp-hook.php(303): woocommerce_account_orders(1)
#3 /home/buybulks/public_html/wp-includes/class-wp-hook.php(327): WP_Hook->apply_filters('', Array)
#4 /home/buybulks/public_html/wp-includes/plugin.php(470): WP_Hook->do_action(Array)
#5 /home/buybulks/public_html/wp-content/plugins/woocommerce/includes/wc-template-functions.php(3076): do_action('woocommerce_acc...', '')
#6 /home/buybulks/public_html/wp-includes/class-wp-hook.php(303): woocommerce_account_content('')
#7 /home/buyb in /home/buybulks/public_html/wp-content/plugins/custom-customization/woocommerce/template/myaccount/orders.php on line 67

2021-07-29T12:59:11+00:00 CRITICAL Uncaught Error: Call to undefined method Automattic\WooCommerce\Admin\Overrides\Order::get_formatted_order_subtotal() in /home/buybulks/public_html/wp-content/plugins/custom-customization/woocommerce/template/myaccount/orders.php:67
Stack trace:
#0 /home/buybulks/public_html/wp-content/plugins/woocommerce/includes/wc-core-functions.php(345): include()
#1 /home/buybulks/public_html/wp-content/plugins/woocommerce/includes/wc-template-functions.php(3127): wc_get_template('myaccount/order...', Array)
#2 /home/buybulks/public_html/wp-includes/class-wp-hook.php(303): woocommerce_account_orders(1)
#3 /home/buybulks/public_html/wp-includes/class-wp-hook.php(327): WP_Hook->apply_filters('', Array)
#4 /home/buybulks/public_html/wp-includes/plugin.php(470): WP_Hook->do_action(Array)
#5 /home/buybulks/public_html/wp-content/plugins/woocommerce/includes/wc-template-functions.php(3076): do_action('woocommerce_acc...', '')
#6 /home/buybulks/public_html/wp-includes/class-wp-hook.php(303): woocommerce_account_content('')
#7 / in /home/buybulks/public_html/wp-content/plugins/custom-customization/woocommerce/template/myaccount/orders.php on line 67

2021-07-29T12:59:14+00:00 CRITICAL Uncaught Error: Call to undefined method Automattic\WooCommerce\Admin\Overrides\Order::get_formatted_order_subtotal() in /home/buybulks/public_html/wp-content/plugins/custom-customization/woocommerce/template/myaccount/orders.php:67
Stack trace:
#0 /home/buybulks/public_html/wp-content/plugins/woocommerce/includes/wc-core-functions.php(345): include()
#1 /home/buybulks/public_html/wp-content/plugins/woocommerce/includes/wc-template-functions.php(3127): wc_get_template('myaccount/order...', Array)
#2 /home/buybulks/public_html/wp-includes/class-wp-hook.php(303): woocommerce_account_orders(1)
#3 /home/buybulks/public_html/wp-includes/class-wp-hook.php(327): WP_Hook->apply_filters('', Array)
#4 /home/buybulks/public_html/wp-includes/plugin.php(470): WP_Hook->do_action(Array)
#5 /home/buybulks/public_html/wp-content/plugins/woocommerce/includes/wc-template-functions.php(3076): do_action('woocommerce_acc...', '')
#6 /home/buybulks/public_html/wp-includes/class-wp-hook.php(303): woocommerce_account_content('')
#7 / in /home/buybulks/public_html/wp-content/plugins/custom-customization/woocommerce/template/myaccount/orders.php on line 67

2021-07-29T13:06:25+00:00 CRITICAL Uncaught ArgumentCountError: Too few arguments to function WC_Abstract_Order::get_formatted_line_subtotal(), 0 passed in /home/buybulks/public_html/wp-content/plugins/custom-customization/woocommerce/template/myaccount/orders.php on line 67 and at least 1 expected in /home/buybulks/public_html/wp-content/plugins/woocommerce/includes/abstracts/abstract-wc-order.php:1883
Stack trace:
#0 /home/buybulks/public_html/wp-content/plugins/custom-customization/woocommerce/template/myaccount/orders.php(67): WC_Abstract_Order->get_formatted_line_subtotal()
#1 /home/buybulks/public_html/wp-content/plugins/woocommerce/includes/wc-core-functions.php(345): include('/home/buybulks/...')
#2 /home/buybulks/public_html/wp-content/plugins/woocommerce/includes/wc-template-functions.php(3127): wc_get_template('myaccount/order...', Array)
#3 /home/buybulks/public_html/wp-includes/class-wp-hook.php(303): woocommerce_account_orders(1)
#4 /home/buybulks/public_html/wp-includes/class-wp-hook.php(327): WP_Hook->apply_filters('', Array)
# in /home/buybulks/public_html/wp-content/plugins/woocommerce/includes/abstracts/abstract-wc-order.php on line 1883

2021-07-29T13:07:52+00:00 CRITICAL Uncaught Error: Undefined class constant 'get_formatted_line_subtotal' in /home/buybulks/public_html/wp-content/plugins/custom-customization/woocommerce/template/myaccount/orders.php:67
Stack trace:
#0 /home/buybulks/public_html/wp-content/plugins/woocommerce/includes/wc-core-functions.php(345): include()
#1 /home/buybulks/public_html/wp-content/plugins/woocommerce/includes/wc-template-functions.php(3127): wc_get_template('myaccount/order...', Array)
#2 /home/buybulks/public_html/wp-includes/class-wp-hook.php(303): woocommerce_account_orders(1)
#3 /home/buybulks/public_html/wp-includes/class-wp-hook.php(327): WP_Hook->apply_filters('', Array)
#4 /home/buybulks/public_html/wp-includes/plugin.php(470): WP_Hook->do_action(Array)
#5 /home/buybulks/public_html/wp-content/plugins/woocommerce/includes/wc-template-functions.php(3076): do_action('woocommerce_acc...', '')
#6 /home/buybulks/public_html/wp-includes/class-wp-hook.php(303): woocommerce_account_content('')
#7 /home/buybulks/public_html/wp-includes/class-wp- in /home/buybulks/public_html/wp-content/plugins/custom-customization/woocommerce/template/myaccount/orders.php on line 67

2021-07-29T13:12:25+00:00 CRITICAL Uncaught Error: Call to undefined method Automattic\WooCommerce\Admin\Overrides\Order::get_formatted_order_discount_total() in /home/buybulks/public_html/wp-content/plugins/custom-customization/woocommerce/template/myaccount/orders.php:65
Stack trace:
#0 /home/buybulks/public_html/wp-content/plugins/woocommerce/includes/wc-core-functions.php(345): include()
#1 /home/buybulks/public_html/wp-content/plugins/woocommerce/includes/wc-template-functions.php(3127): wc_get_template('myaccount/order...', Array)
#2 /home/buybulks/public_html/wp-includes/class-wp-hook.php(303): woocommerce_account_orders(1)
#3 /home/buybulks/public_html/wp-includes/class-wp-hook.php(327): WP_Hook->apply_filters('', Array)
#4 /home/buybulks/public_html/wp-includes/plugin.php(470): WP_Hook->do_action(Array)
#5 /home/buybulks/public_html/wp-content/plugins/woocommerce/includes/wc-template-functions.php(3076): do_action('woocommerce_acc...', '')
#6 /home/buybulks/public_html/wp-includes/class-wp-hook.php(303): woocommerce_account_content('' in /home/buybulks/public_html/wp-content/plugins/custom-customization/woocommerce/template/myaccount/orders.php on line 65

2021-07-29T13:12:56+00:00 CRITICAL Uncaught Error: Call to undefined method Automattic\WooCommerce\Admin\Overrides\Order::get_formatted_discount_total() in /home/buybulks/public_html/wp-content/plugins/custom-customization/woocommerce/template/myaccount/orders.php:65
Stack trace:
#0 /home/buybulks/public_html/wp-content/plugins/woocommerce/includes/wc-core-functions.php(345): include()
#1 /home/buybulks/public_html/wp-content/plugins/woocommerce/includes/wc-template-functions.php(3127): wc_get_template('myaccount/order...', Array)
#2 /home/buybulks/public_html/wp-includes/class-wp-hook.php(303): woocommerce_account_orders(1)
#3 /home/buybulks/public_html/wp-includes/class-wp-hook.php(327): WP_Hook->apply_filters('', Array)
#4 /home/buybulks/public_html/wp-includes/plugin.php(470): WP_Hook->do_action(Array)
#5 /home/buybulks/public_html/wp-content/plugins/woocommerce/includes/wc-template-functions.php(3076): do_action('woocommerce_acc...', '')
#6 /home/buybulks/public_html/wp-includes/class-wp-hook.php(303): woocommerce_account_content('')
#7 / in /home/buybulks/public_html/wp-content/plugins/custom-customization/woocommerce/template/myaccount/orders.php on line 65

2021-07-29T13:13:17+00:00 CRITICAL Uncaught Error: Call to undefined method Automattic\WooCommerce\Admin\Overrides\Order::discount_total() in /home/buybulks/public_html/wp-content/plugins/custom-customization/woocommerce/template/myaccount/orders.php:65
Stack trace:
#0 /home/buybulks/public_html/wp-content/plugins/woocommerce/includes/wc-core-functions.php(345): include()
#1 /home/buybulks/public_html/wp-content/plugins/woocommerce/includes/wc-template-functions.php(3127): wc_get_template('myaccount/order...', Array)
#2 /home/buybulks/public_html/wp-includes/class-wp-hook.php(303): woocommerce_account_orders(1)
#3 /home/buybulks/public_html/wp-includes/class-wp-hook.php(327): WP_Hook->apply_filters('', Array)
#4 /home/buybulks/public_html/wp-includes/plugin.php(470): WP_Hook->do_action(Array)
#5 /home/buybulks/public_html/wp-content/plugins/woocommerce/includes/wc-template-functions.php(3076): do_action('woocommerce_acc...', '')
#6 /home/buybulks/public_html/wp-includes/class-wp-hook.php(303): woocommerce_account_content('')
#7 /home/buybulks/ in /home/buybulks/public_html/wp-content/plugins/custom-customization/woocommerce/template/myaccount/orders.php on line 65

2021-07-29T13:13:24+00:00 CRITICAL Uncaught Error: Call to undefined method Automattic\WooCommerce\Admin\Overrides\Order::discount_total() in /home/buybulks/public_html/wp-content/plugins/custom-customization/woocommerce/template/myaccount/orders.php:65
Stack trace:
#0 /home/buybulks/public_html/wp-content/plugins/woocommerce/includes/wc-core-functions.php(345): include()
#1 /home/buybulks/public_html/wp-content/plugins/woocommerce/includes/wc-template-functions.php(3127): wc_get_template('myaccount/order...', Array)
#2 /home/buybulks/public_html/wp-includes/class-wp-hook.php(303): woocommerce_account_orders(1)
#3 /home/buybulks/public_html/wp-includes/class-wp-hook.php(327): WP_Hook->apply_filters('', Array)
#4 /home/buybulks/public_html/wp-includes/plugin.php(470): WP_Hook->do_action(Array)
#5 /home/buybulks/public_html/wp-content/plugins/woocommerce/includes/wc-template-functions.php(3076): do_action('woocommerce_acc...', '')
#6 /home/buybulks/public_html/wp-includes/class-wp-hook.php(303): woocommerce_account_content('')
#7 /home/buybulks/ in /home/buybulks/public_html/wp-content/plugins/custom-customization/woocommerce/template/myaccount/orders.php on line 65

2021-07-29T13:13:58+00:00 CRITICAL Uncaught Error: Call to undefined method Automattic\WooCommerce\Admin\Overrides\Order::get_formatted_order_discount_total() in /home/buybulks/public_html/wp-content/plugins/custom-customization/woocommerce/template/myaccount/orders.php:65
Stack trace:
#0 /home/buybulks/public_html/wp-content/plugins/woocommerce/includes/wc-core-functions.php(345): include()
#1 /home/buybulks/public_html/wp-content/plugins/woocommerce/includes/wc-template-functions.php(3127): wc_get_template('myaccount/order...', Array)
#2 /home/buybulks/public_html/wp-includes/class-wp-hook.php(303): woocommerce_account_orders(1)
#3 /home/buybulks/public_html/wp-includes/class-wp-hook.php(327): WP_Hook->apply_filters('', Array)
#4 /home/buybulks/public_html/wp-includes/plugin.php(470): WP_Hook->do_action(Array)
#5 /home/buybulks/public_html/wp-content/plugins/woocommerce/includes/wc-template-functions.php(3076): do_action('woocommerce_acc...', '')
#6 /home/buybulks/public_html/wp-includes/class-wp-hook.php(303): woocommerce_account_content('' in /home/buybulks/public_html/wp-content/plugins/custom-customization/woocommerce/template/myaccount/orders.php on line 65

2021-07-29T13:14:01+00:00 CRITICAL Uncaught Error: Call to undefined method Automattic\WooCommerce\Admin\Overrides\Order::get_formatted_order_discount_total() in /home/buybulks/public_html/wp-content/plugins/custom-customization/woocommerce/template/myaccount/orders.php:65
Stack trace:
#0 /home/buybulks/public_html/wp-content/plugins/woocommerce/includes/wc-core-functions.php(345): include()
#1 /home/buybulks/public_html/wp-content/plugins/woocommerce/includes/wc-template-functions.php(3127): wc_get_template('myaccount/order...', Array)
#2 /home/buybulks/public_html/wp-includes/class-wp-hook.php(303): woocommerce_account_orders(1)
#3 /home/buybulks/public_html/wp-includes/class-wp-hook.php(327): WP_Hook->apply_filters('', Array)
#4 /home/buybulks/public_html/wp-includes/plugin.php(470): WP_Hook->do_action(Array)
#5 /home/buybulks/public_html/wp-content/plugins/woocommerce/includes/wc-template-functions.php(3076): do_action('woocommerce_acc...', '')
#6 /home/buybulks/public_html/wp-includes/class-wp-hook.php(303): woocommerce_account_content('' in /home/buybulks/public_html/wp-content/plugins/custom-customization/woocommerce/template/myaccount/orders.php on line 65

2021-07-29T13:14:48+00:00 CRITICAL Uncaught Error: Call to undefined method Automattic\WooCommerce\Admin\Overrides\Order::discount_total() in /home/buybulks/public_html/wp-content/plugins/custom-customization/woocommerce/template/myaccount/orders.php:65
Stack trace:
#0 /home/buybulks/public_html/wp-content/plugins/woocommerce/includes/wc-core-functions.php(345): include()
#1 /home/buybulks/public_html/wp-content/plugins/woocommerce/includes/wc-template-functions.php(3127): wc_get_template('myaccount/order...', Array)
#2 /home/buybulks/public_html/wp-includes/class-wp-hook.php(303): woocommerce_account_orders(1)
#3 /home/buybulks/public_html/wp-includes/class-wp-hook.php(327): WP_Hook->apply_filters('', Array)
#4 /home/buybulks/public_html/wp-includes/plugin.php(470): WP_Hook->do_action(Array)
#5 /home/buybulks/public_html/wp-content/plugins/woocommerce/includes/wc-template-functions.php(3076): do_action('woocommerce_acc...', '')
#6 /home/buybulks/public_html/wp-includes/class-wp-hook.php(303): woocommerce_account_content('')
#7 /home/buybulks/ in /home/buybulks/public_html/wp-content/plugins/custom-customization/woocommerce/template/myaccount/orders.php on line 65

2021-07-29T13:15:25+00:00 CRITICAL Uncaught Error: Call to undefined method Automattic\WooCommerce\Admin\Overrides\Order::get_formatted_discount_total() in /home/buybulks/public_html/wp-content/plugins/custom-customization/woocommerce/template/myaccount/orders.php:65
Stack trace:
#0 /home/buybulks/public_html/wp-content/plugins/woocommerce/includes/wc-core-functions.php(345): include()
#1 /home/buybulks/public_html/wp-content/plugins/woocommerce/includes/wc-template-functions.php(3127): wc_get_template('myaccount/order...', Array)
#2 /home/buybulks/public_html/wp-includes/class-wp-hook.php(303): woocommerce_account_orders(1)
#3 /home/buybulks/public_html/wp-includes/class-wp-hook.php(327): WP_Hook->apply_filters('', Array)
#4 /home/buybulks/public_html/wp-includes/plugin.php(470): WP_Hook->do_action(Array)
#5 /home/buybulks/public_html/wp-content/plugins/woocommerce/includes/wc-template-functions.php(3076): do_action('woocommerce_acc...', '')
#6 /home/buybulks/public_html/wp-includes/class-wp-hook.php(303): woocommerce_account_content('')
#7 / in /home/buybulks/public_html/wp-content/plugins/custom-customization/woocommerce/template/myaccount/orders.php on line 65

2021-07-29T13:15:28+00:00 CRITICAL Uncaught Error: Call to undefined method Automattic\WooCommerce\Admin\Overrides\Order::get_formatted_discount_total() in /home/buybulks/public_html/wp-content/plugins/custom-customization/woocommerce/template/myaccount/orders.php:65
Stack trace:
#0 /home/buybulks/public_html/wp-content/plugins/woocommerce/includes/wc-core-functions.php(345): include()
#1 /home/buybulks/public_html/wp-content/plugins/woocommerce/includes/wc-template-functions.php(3127): wc_get_template('myaccount/order...', Array)
#2 /home/buybulks/public_html/wp-includes/class-wp-hook.php(303): woocommerce_account_orders(1)
#3 /home/buybulks/public_html/wp-includes/class-wp-hook.php(327): WP_Hook->apply_filters('', Array)
#4 /home/buybulks/public_html/wp-includes/plugin.php(470): WP_Hook->do_action(Array)
#5 /home/buybulks/public_html/wp-content/plugins/woocommerce/includes/wc-template-functions.php(3076): do_action('woocommerce_acc...', '')
#6 /home/buybulks/public_html/wp-includes/class-wp-hook.php(303): woocommerce_account_content('')
#7 / in /home/buybulks/public_html/wp-content/plugins/custom-customization/woocommerce/template/myaccount/orders.php on line 65

