2021-08-06T09:31:13+00:00 CRITICAL Uncaught Error: Class 'handPointBasedItemCheckout' not found in /home/buybulks/public_html/wp-content/plugins/custom-customization/functions.php:1132
Stack trace:
#0 /home/buybulks/public_html/wp-includes/class-wp-hook.php(303): handPointBasedItemCheckout('')
#1 /home/buybulks/public_html/wp-includes/class-wp-hook.php(327): WP_Hook->apply_filters(Object(myCredProfilePageModification), Array)
#2 /home/buybulks/public_html/wp-includes/plugin.php(470): WP_Hook->do_action(Array)
#3 /home/buybulks/public_html/wp-settings.php(441): do_action('plugins_loaded')
#4 /home/buybulks/public_html/wp-config.php(90): require_once('/home/buybulks/...')
#5 /home/buybulks/public_html/wp-load.php(50): require_once('/home/buybulks/...')
#6 /home/buybulks/public_html/wp-blog-header.php(13): require_once('/home/buybulks/...')
#7 /home/buybulks/public_html/index.php(17): require('/home/buybulks/...')
#8 {main}
  thrown in /home/buybulks/public_html/wp-content/plugins/custom-customization/functions.php on line 1132

2021-08-06T09:36:02+00:00 CRITICAL Uncaught Error: Class 'handPointBasedItemCheckout' not found in /home/buybulks/public_html/wp-content/plugins/custom-customization/functions.php:1132
Stack trace:
#0 /home/buybulks/public_html/wp-includes/class-wp-hook.php(303): handPointBasedItemCheckout('')
#1 /home/buybulks/public_html/wp-includes/class-wp-hook.php(327): WP_Hook->apply_filters(Object(myCredProfilePageModification), Array)
#2 /home/buybulks/public_html/wp-includes/plugin.php(470): WP_Hook->do_action(Array)
#3 /home/buybulks/public_html/wp-settings.php(441): do_action('plugins_loaded')
#4 /home/buybulks/public_html/wp-config.php(90): require_once('/home/buybulks/...')
#5 /home/buybulks/public_html/wp-load.php(50): require_once('/home/buybulks/...')
#6 /home/buybulks/public_html/wp-cron.php(44): require_once('/home/buybulks/...')
#7 {main}
  thrown in /home/buybulks/public_html/wp-content/plugins/custom-customization/functions.php on line 1132

2021-08-06T09:36:02+00:00 CRITICAL Uncaught Error: Class 'handPointBasedItemCheckout' not found in /home/buybulks/public_html/wp-content/plugins/custom-customization/functions.php:1132
Stack trace:
#0 /home/buybulks/public_html/wp-includes/class-wp-hook.php(303): handPointBasedItemCheckout('')
#1 /home/buybulks/public_html/wp-includes/class-wp-hook.php(327): WP_Hook->apply_filters(Object(myCredProfilePageModification), Array)
#2 /home/buybulks/public_html/wp-includes/plugin.php(470): WP_Hook->do_action(Array)
#3 /home/buybulks/public_html/wp-settings.php(441): do_action('plugins_loaded')
#4 /home/buybulks/public_html/wp-config.php(90): require_once('/home/buybulks/...')
#5 /home/buybulks/public_html/wp-load.php(50): require_once('/home/buybulks/...')
#6 /home/buybulks/public_html/wp-blog-header.php(13): require_once('/home/buybulks/...')
#7 /home/buybulks/public_html/index.php(17): require('/home/buybulks/...')
#8 {main}
  thrown in /home/buybulks/public_html/wp-content/plugins/custom-customization/functions.php on line 1132

2021-08-06T09:36:02+00:00 CRITICAL Uncaught Error: Class 'handPointBasedItemCheckout' not found in /home/buybulks/public_html/wp-content/plugins/custom-customization/functions.php:1132
Stack trace:
#0 /home/buybulks/public_html/wp-includes/class-wp-hook.php(303): handPointBasedItemCheckout('')
#1 /home/buybulks/public_html/wp-includes/class-wp-hook.php(327): WP_Hook->apply_filters(Object(myCredProfilePageModification), Array)
#2 /home/buybulks/public_html/wp-includes/plugin.php(470): WP_Hook->do_action(Array)
#3 /home/buybulks/public_html/wp-settings.php(441): do_action('plugins_loaded')
#4 /home/buybulks/public_html/wp-config.php(90): require_once('/home/buybulks/...')
#5 /home/buybulks/public_html/wp-load.php(50): require_once('/home/buybulks/...')
#6 /home/buybulks/public_html/wp-admin/admin-ajax.php(22): require_once('/home/buybulks/...')
#7 {main}
  thrown in /home/buybulks/public_html/wp-content/plugins/custom-customization/functions.php on line 1132

2021-08-06T09:41:17+00:00 CRITICAL Uncaught Error: Class 'handPointBasedItemCheckout' not found in /home/buybulks/public_html/wp-content/plugins/custom-customization/functions.php:1132
Stack trace:
#0 /home/buybulks/public_html/wp-includes/class-wp-hook.php(303): handPointBasedItemCheckout('')
#1 /home/buybulks/public_html/wp-includes/class-wp-hook.php(327): WP_Hook->apply_filters(Object(myCredProfilePageModification), Array)
#2 /home/buybulks/public_html/wp-includes/plugin.php(470): WP_Hook->do_action(Array)
#3 /home/buybulks/public_html/wp-settings.php(441): do_action('plugins_loaded')
#4 /home/buybulks/public_html/wp-config.php(90): require_once('/home/buybulks/...')
#5 /home/buybulks/public_html/wp-load.php(50): require_once('/home/buybulks/...')
#6 /home/buybulks/public_html/wp-blog-header.php(13): require_once('/home/buybulks/...')
#7 /home/buybulks/public_html/index.php(17): require('/home/buybulks/...')
#8 {main}
  thrown in /home/buybulks/public_html/wp-content/plugins/custom-customization/functions.php on line 1132

2021-08-06T10:26:25+00:00 CRITICAL Uncaught Error: Class 'handPointBasedItemCheckout' not found in /home/buybulks/public_html/wp-content/plugins/custom-customization/functions.php:1132
Stack trace:
#0 /home/buybulks/public_html/wp-includes/class-wp-hook.php(303): handPointBasedItemCheckout('')
#1 /home/buybulks/public_html/wp-includes/class-wp-hook.php(327): WP_Hook->apply_filters(Object(myCredProfilePageModification), Array)
#2 /home/buybulks/public_html/wp-includes/plugin.php(470): WP_Hook->do_action(Array)
#3 /home/buybulks/public_html/wp-settings.php(441): do_action('plugins_loaded')
#4 /home/buybulks/public_html/wp-config.php(90): require_once('/home/buybulks/...')
#5 /home/buybulks/public_html/wp-load.php(50): require_once('/home/buybulks/...')
#6 /home/buybulks/public_html/wp-admin/admin-ajax.php(22): require_once('/home/buybulks/...')
#7 {main}
  thrown in /home/buybulks/public_html/wp-content/plugins/custom-customization/functions.php on line 1132

2021-08-06T13:14:35+00:00 CRITICAL Uncaught Error: Class 'handPointBasedItemCheckout' not found in /home/buybulks/public_html/wp-content/plugins/custom-customization/functions.php:1132
Stack trace:
#0 /home/buybulks/public_html/wp-includes/class-wp-hook.php(303): handPointBasedItemCheckout('')
#1 /home/buybulks/public_html/wp-includes/class-wp-hook.php(327): WP_Hook->apply_filters(Object(myCredProfilePageModification), Array)
#2 /home/buybulks/public_html/wp-includes/plugin.php(470): WP_Hook->do_action(Array)
#3 /home/buybulks/public_html/wp-settings.php(441): do_action('plugins_loaded')
#4 /home/buybulks/public_html/wp-config.php(90): require_once('/home/buybulks/...')
#5 /home/buybulks/public_html/wp-load.php(50): require_once('/home/buybulks/...')
#6 /home/buybulks/public_html/wp-admin/admin-ajax.php(22): require_once('/home/buybulks/...')
#7 {main}
  thrown in /home/buybulks/public_html/wp-content/plugins/custom-customization/functions.php on line 1132

2021-08-06T13:25:29+00:00 CRITICAL Uncaught Error: Class 'handPointBasedItemCheckout' not found in /home/buybulks/public_html/wp-content/plugins/custom-customization/functions.php:1132
Stack trace:
#0 /home/buybulks/public_html/wp-includes/class-wp-hook.php(303): handPointBasedItemCheckout('')
#1 /home/buybulks/public_html/wp-includes/class-wp-hook.php(327): WP_Hook->apply_filters(Object(myCredProfilePageModification), Array)
#2 /home/buybulks/public_html/wp-includes/plugin.php(470): WP_Hook->do_action(Array)
#3 /home/buybulks/public_html/wp-settings.php(441): do_action('plugins_loaded')
#4 /home/buybulks/public_html/wp-config.php(90): require_once('/home/buybulks/...')
#5 /home/buybulks/public_html/wp-load.php(50): require_once('/home/buybulks/...')
#6 /home/buybulks/public_html/wp-blog-header.php(13): require_once('/home/buybulks/...')
#7 /home/buybulks/public_html/index.php(17): require('/home/buybulks/...')
#8 {main}
  thrown in /home/buybulks/public_html/wp-content/plugins/custom-customization/functions.php on line 1132

2021-08-06T13:25:29+00:00 CRITICAL Uncaught Error: Class 'handPointBasedItemCheckout' not found in /home/buybulks/public_html/wp-content/plugins/custom-customization/functions.php:1132
Stack trace:
#0 /home/buybulks/public_html/wp-includes/class-wp-hook.php(303): handPointBasedItemCheckout('')
#1 /home/buybulks/public_html/wp-includes/class-wp-hook.php(327): WP_Hook->apply_filters(Object(myCredProfilePageModification), Array)
#2 /home/buybulks/public_html/wp-includes/plugin.php(470): WP_Hook->do_action(Array)
#3 /home/buybulks/public_html/wp-settings.php(441): do_action('plugins_loaded')
#4 /home/buybulks/public_html/wp-config.php(90): require_once('/home/buybulks/...')
#5 /home/buybulks/public_html/wp-load.php(50): require_once('/home/buybulks/...')
#6 /home/buybulks/public_html/wp-blog-header.php(13): require_once('/home/buybulks/...')
#7 /home/buybulks/public_html/index.php(17): require('/home/buybulks/...')
#8 {main}
  thrown in /home/buybulks/public_html/wp-content/plugins/custom-customization/functions.php on line 1132

2021-08-06T13:46:48+00:00 CRITICAL Uncaught Error: Class 'handPointBasedItemCheckout' not found in /home/buybulks/public_html/wp-content/plugins/custom-customization/functions.php:1132
Stack trace:
#0 /home/buybulks/public_html/wp-includes/class-wp-hook.php(303): handPointBasedItemCheckout('')
#1 /home/buybulks/public_html/wp-includes/class-wp-hook.php(327): WP_Hook->apply_filters(Object(myCredProfilePageModification), Array)
#2 /home/buybulks/public_html/wp-includes/plugin.php(470): WP_Hook->do_action(Array)
#3 /home/buybulks/public_html/wp-settings.php(441): do_action('plugins_loaded')
#4 /home/buybulks/public_html/wp-config.php(90): require_once('/home/buybulks/...')
#5 /home/buybulks/public_html/wp-load.php(50): require_once('/home/buybulks/...')
#6 /home/buybulks/public_html/wp-admin/admin-ajax.php(22): require_once('/home/buybulks/...')
#7 {main}
  thrown in /home/buybulks/public_html/wp-content/plugins/custom-customization/functions.php on line 1132

