2021-07-26T04:59:51+00:00 CRITICAL Uncaught Error: Class 'myCredEmailCustomization' not found in /home/buybulks/public_html/wp-content/plugins/custom-customization/functions.php:1148
Stack trace:
#0 /home/buybulks/public_html/wp-includes/class-wp-hook.php(303): myCredEmailCustomization('')
#1 /home/buybulks/public_html/wp-includes/class-wp-hook.php(327): WP_Hook->apply_filters(Object(raffleDrawStatsCustomization), Array)
#2 /home/buybulks/public_html/wp-includes/plugin.php(470): WP_Hook->do_action(Array)
#3 /home/buybulks/public_html/wp-settings.php(441): do_action('plugins_loaded')
#4 /home/buybulks/public_html/wp-config.php(90): require_once('/home/buybulks/...')
#5 /home/buybulks/public_html/wp-load.php(50): require_once('/home/buybulks/...')
#6 /home/buybulks/public_html/wp-admin/admin-ajax.php(22): require_once('/home/buybulks/...')
#7 {main}
  thrown in /home/buybulks/public_html/wp-content/plugins/custom-customization/functions.php on line 1148

2021-07-26T05:08:30+00:00 CRITICAL Uncaught Error: Class 'myCredEmailCustomization' not found in /home/buybulks/public_html/wp-content/plugins/custom-customization/functions.php:1148
Stack trace:
#0 /home/buybulks/public_html/wp-includes/class-wp-hook.php(303): myCredEmailCustomization('')
#1 /home/buybulks/public_html/wp-includes/class-wp-hook.php(327): WP_Hook->apply_filters(Object(raffleDrawStatsCustomization), Array)
#2 /home/buybulks/public_html/wp-includes/plugin.php(470): WP_Hook->do_action(Array)
#3 /home/buybulks/public_html/wp-settings.php(441): do_action('plugins_loaded')
#4 /home/buybulks/public_html/wp-config.php(90): require_once('/home/buybulks/...')
#5 /home/buybulks/public_html/wp-load.php(50): require_once('/home/buybulks/...')
#6 /home/buybulks/public_html/wp-cron.php(44): require_once('/home/buybulks/...')
#7 {main}
  thrown in /home/buybulks/public_html/wp-content/plugins/custom-customization/functions.php on line 1148

2021-07-26T05:08:55+00:00 CRITICAL Uncaught Error: Class 'myCredEmailCustomization' not found in /home/buybulks/public_html/wp-content/plugins/custom-customization/functions.php:1148
Stack trace:
#0 /home/buybulks/public_html/wp-includes/class-wp-hook.php(303): myCredEmailCustomization('')
#1 /home/buybulks/public_html/wp-includes/class-wp-hook.php(327): WP_Hook->apply_filters(Object(raffleDrawStatsCustomization), Array)
#2 /home/buybulks/public_html/wp-includes/plugin.php(470): WP_Hook->do_action(Array)
#3 /home/buybulks/public_html/wp-settings.php(441): do_action('plugins_loaded')
#4 /home/buybulks/public_html/wp-config.php(90): require_once('/home/buybulks/...')
#5 /home/buybulks/public_html/wp-load.php(50): require_once('/home/buybulks/...')
#6 /home/buybulks/public_html/wp-admin/admin.php(34): require_once('/home/buybulks/...')
#7 /home/buybulks/public_html/wp-admin/post.php(12): require_once('/home/buybulks/...')
#8 {main}
  thrown in /home/buybulks/public_html/wp-content/plugins/custom-customization/functions.php on line 1148

2021-07-26T05:08:57+00:00 CRITICAL Uncaught Error: Class 'myCredEmailCustomization' not found in /home/buybulks/public_html/wp-content/plugins/custom-customization/functions.php:1148
Stack trace:
#0 /home/buybulks/public_html/wp-includes/class-wp-hook.php(303): myCredEmailCustomization('')
#1 /home/buybulks/public_html/wp-includes/class-wp-hook.php(327): WP_Hook->apply_filters(Object(raffleDrawStatsCustomization), Array)
#2 /home/buybulks/public_html/wp-includes/plugin.php(470): WP_Hook->do_action(Array)
#3 /home/buybulks/public_html/wp-settings.php(441): do_action('plugins_loaded')
#4 /home/buybulks/public_html/wp-config.php(90): require_once('/home/buybulks/...')
#5 /home/buybulks/public_html/wp-load.php(50): require_once('/home/buybulks/...')
#6 /home/buybulks/public_html/wp-admin/admin.php(34): require_once('/home/buybulks/...')
#7 /home/buybulks/public_html/wp-admin/post.php(12): require_once('/home/buybulks/...')
#8 {main}
  thrown in /home/buybulks/public_html/wp-content/plugins/custom-customization/functions.php on line 1148

2021-07-26T05:10:08+00:00 CRITICAL Uncaught Error: Class 'myCredEmailCustomization' not found in /home/buybulks/public_html/wp-content/plugins/custom-customization/functions.php:1148
Stack trace:
#0 /home/buybulks/public_html/wp-includes/class-wp-hook.php(303): myCredEmailCustomization('')
#1 /home/buybulks/public_html/wp-includes/class-wp-hook.php(327): WP_Hook->apply_filters(Object(raffleDrawStatsCustomization), Array)
#2 /home/buybulks/public_html/wp-includes/plugin.php(470): WP_Hook->do_action(Array)
#3 /home/buybulks/public_html/wp-settings.php(441): do_action('plugins_loaded')
#4 /home/buybulks/public_html/wp-config.php(90): require_once('/home/buybulks/...')
#5 /home/buybulks/public_html/wp-load.php(50): require_once('/home/buybulks/...')
#6 /home/buybulks/public_html/wp-admin/admin.php(34): require_once('/home/buybulks/...')
#7 /home/buybulks/public_html/wp-admin/post.php(12): require_once('/home/buybulks/...')
#8 {main}
  thrown in /home/buybulks/public_html/wp-content/plugins/custom-customization/functions.php on line 1148

2021-07-26T05:34:41+00:00 CRITICAL Uncaught Error: Class 'myCredEmailCustomization' not found in /home/buybulks/public_html/wp-content/plugins/custom-customization/functions.php:1148
Stack trace:
#0 /home/buybulks/public_html/wp-includes/class-wp-hook.php(303): myCredEmailCustomization('')
#1 /home/buybulks/public_html/wp-includes/class-wp-hook.php(327): WP_Hook->apply_filters(Object(raffleDrawStatsCustomization), Array)
#2 /home/buybulks/public_html/wp-includes/plugin.php(470): WP_Hook->do_action(Array)
#3 /home/buybulks/public_html/wp-settings.php(441): do_action('plugins_loaded')
#4 /home/buybulks/public_html/wp-config.php(90): require_once('/home/buybulks/...')
#5 /home/buybulks/public_html/wp-load.php(50): require_once('/home/buybulks/...')
#6 /home/buybulks/public_html/wp-admin/admin.php(34): require_once('/home/buybulks/...')
#7 /home/buybulks/public_html/wp-admin/post.php(12): require_once('/home/buybulks/...')
#8 {main}
  thrown in /home/buybulks/public_html/wp-content/plugins/custom-customization/functions.php on line 1148

2021-07-26T05:34:41+00:00 CRITICAL Uncaught Error: Class 'myCredEmailCustomization' not found in /home/buybulks/public_html/wp-content/plugins/custom-customization/functions.php:1148
Stack trace:
#0 /home/buybulks/public_html/wp-includes/class-wp-hook.php(303): myCredEmailCustomization('')
#1 /home/buybulks/public_html/wp-includes/class-wp-hook.php(327): WP_Hook->apply_filters(Object(raffleDrawStatsCustomization), Array)
#2 /home/buybulks/public_html/wp-includes/plugin.php(470): WP_Hook->do_action(Array)
#3 /home/buybulks/public_html/wp-settings.php(441): do_action('plugins_loaded')
#4 /home/buybulks/public_html/wp-config.php(90): require_once('/home/buybulks/...')
#5 /home/buybulks/public_html/wp-load.php(50): require_once('/home/buybulks/...')
#6 /home/buybulks/public_html/wp-admin/admin.php(34): require_once('/home/buybulks/...')
#7 /home/buybulks/public_html/wp-admin/post.php(12): require_once('/home/buybulks/...')
#8 {main}
  thrown in /home/buybulks/public_html/wp-content/plugins/custom-customization/functions.php on line 1148

2021-07-26T05:34:43+00:00 CRITICAL Uncaught Error: Class 'myCredEmailCustomization' not found in /home/buybulks/public_html/wp-content/plugins/custom-customization/functions.php:1148
Stack trace:
#0 /home/buybulks/public_html/wp-includes/class-wp-hook.php(303): myCredEmailCustomization('')
#1 /home/buybulks/public_html/wp-includes/class-wp-hook.php(327): WP_Hook->apply_filters(Object(raffleDrawStatsCustomization), Array)
#2 /home/buybulks/public_html/wp-includes/plugin.php(470): WP_Hook->do_action(Array)
#3 /home/buybulks/public_html/wp-settings.php(441): do_action('plugins_loaded')
#4 /home/buybulks/public_html/wp-config.php(90): require_once('/home/buybulks/...')
#5 /home/buybulks/public_html/wp-load.php(50): require_once('/home/buybulks/...')
#6 /home/buybulks/public_html/wp-admin/admin.php(34): require_once('/home/buybulks/...')
#7 /home/buybulks/public_html/wp-admin/post.php(12): require_once('/home/buybulks/...')
#8 {main}
  thrown in /home/buybulks/public_html/wp-content/plugins/custom-customization/functions.php on line 1148

2021-07-26T05:34:44+00:00 CRITICAL Uncaught Error: Class 'myCredEmailCustomization' not found in /home/buybulks/public_html/wp-content/plugins/custom-customization/functions.php:1148
Stack trace:
#0 /home/buybulks/public_html/wp-includes/class-wp-hook.php(303): myCredEmailCustomization('')
#1 /home/buybulks/public_html/wp-includes/class-wp-hook.php(327): WP_Hook->apply_filters(Object(raffleDrawStatsCustomization), Array)
#2 /home/buybulks/public_html/wp-includes/plugin.php(470): WP_Hook->do_action(Array)
#3 /home/buybulks/public_html/wp-settings.php(441): do_action('plugins_loaded')
#4 /home/buybulks/public_html/wp-config.php(90): require_once('/home/buybulks/...')
#5 /home/buybulks/public_html/wp-load.php(50): require_once('/home/buybulks/...')
#6 /home/buybulks/public_html/wp-admin/admin.php(34): require_once('/home/buybulks/...')
#7 /home/buybulks/public_html/wp-admin/post.php(12): require_once('/home/buybulks/...')
#8 {main}
  thrown in /home/buybulks/public_html/wp-content/plugins/custom-customization/functions.php on line 1148

2021-07-26T05:34:44+00:00 CRITICAL Uncaught Error: Class 'myCredEmailCustomization' not found in /home/buybulks/public_html/wp-content/plugins/custom-customization/functions.php:1148
Stack trace:
#0 /home/buybulks/public_html/wp-includes/class-wp-hook.php(303): myCredEmailCustomization('')
#1 /home/buybulks/public_html/wp-includes/class-wp-hook.php(327): WP_Hook->apply_filters(Object(raffleDrawStatsCustomization), Array)
#2 /home/buybulks/public_html/wp-includes/plugin.php(470): WP_Hook->do_action(Array)
#3 /home/buybulks/public_html/wp-settings.php(441): do_action('plugins_loaded')
#4 /home/buybulks/public_html/wp-config.php(90): require_once('/home/buybulks/...')
#5 /home/buybulks/public_html/wp-load.php(50): require_once('/home/buybulks/...')
#6 /home/buybulks/public_html/wp-admin/admin.php(34): require_once('/home/buybulks/...')
#7 /home/buybulks/public_html/wp-admin/post.php(12): require_once('/home/buybulks/...')
#8 {main}
  thrown in /home/buybulks/public_html/wp-content/plugins/custom-customization/functions.php on line 1148

2021-07-26T06:28:48+00:00 CRITICAL Uncaught Error: Class 'myCredEmailCustomization' not found in /home/buybulks/public_html/wp-content/plugins/custom-customization/functions.php:1148
Stack trace:
#0 /home/buybulks/public_html/wp-includes/class-wp-hook.php(303): myCredEmailCustomization('')
#1 /home/buybulks/public_html/wp-includes/class-wp-hook.php(327): WP_Hook->apply_filters(Object(raffleDrawStatsCustomization), Array)
#2 /home/buybulks/public_html/wp-includes/plugin.php(470): WP_Hook->do_action(Array)
#3 /home/buybulks/public_html/wp-settings.php(441): do_action('plugins_loaded')
#4 /home/buybulks/public_html/wp-config.php(90): require_once('/home/buybulks/...')
#5 /home/buybulks/public_html/wp-load.php(50): require_once('/home/buybulks/...')
#6 /home/buybulks/public_html/wp-admin/admin-ajax.php(22): require_once('/home/buybulks/...')
#7 {main}
  thrown in /home/buybulks/public_html/wp-content/plugins/custom-customization/functions.php on line 1148

2021-07-26T06:28:48+00:00 CRITICAL Uncaught Error: Class 'myCredEmailCustomization' not found in /home/buybulks/public_html/wp-content/plugins/custom-customization/functions.php:1148
Stack trace:
#0 /home/buybulks/public_html/wp-includes/class-wp-hook.php(303): myCredEmailCustomization('')
#1 /home/buybulks/public_html/wp-includes/class-wp-hook.php(327): WP_Hook->apply_filters(Object(raffleDrawStatsCustomization), Array)
#2 /home/buybulks/public_html/wp-includes/plugin.php(470): WP_Hook->do_action(Array)
#3 /home/buybulks/public_html/wp-settings.php(441): do_action('plugins_loaded')
#4 /home/buybulks/public_html/wp-config.php(90): require_once('/home/buybulks/...')
#5 /home/buybulks/public_html/wp-load.php(50): require_once('/home/buybulks/...')
#6 /home/buybulks/public_html/wp-admin/admin-ajax.php(22): require_once('/home/buybulks/...')
#7 {main}
  thrown in /home/buybulks/public_html/wp-content/plugins/custom-customization/functions.php on line 1148

2021-07-26T06:28:49+00:00 CRITICAL Uncaught Error: Class 'myCredEmailCustomization' not found in /home/buybulks/public_html/wp-content/plugins/custom-customization/functions.php:1148
Stack trace:
#0 /home/buybulks/public_html/wp-includes/class-wp-hook.php(303): myCredEmailCustomization('')
#1 /home/buybulks/public_html/wp-includes/class-wp-hook.php(327): WP_Hook->apply_filters(Object(raffleDrawStatsCustomization), Array)
#2 /home/buybulks/public_html/wp-includes/plugin.php(470): WP_Hook->do_action(Array)
#3 /home/buybulks/public_html/wp-settings.php(441): do_action('plugins_loaded')
#4 /home/buybulks/public_html/wp-config.php(90): require_once('/home/buybulks/...')
#5 /home/buybulks/public_html/wp-load.php(50): require_once('/home/buybulks/...')
#6 /home/buybulks/public_html/wp-admin/admin-ajax.php(22): require_once('/home/buybulks/...')
#7 {main}
  thrown in /home/buybulks/public_html/wp-content/plugins/custom-customization/functions.php on line 1148

2021-07-26T07:20:01+00:00 CRITICAL Uncaught Error: Class 'myCredEmailCustomization' not found in /home/buybulks/public_html/wp-content/plugins/custom-customization/functions.php:1148
Stack trace:
#0 /home/buybulks/public_html/wp-includes/class-wp-hook.php(303): myCredEmailCustomization('')
#1 /home/buybulks/public_html/wp-includes/class-wp-hook.php(327): WP_Hook->apply_filters(Object(raffleDrawStatsCustomization), Array)
#2 /home/buybulks/public_html/wp-includes/plugin.php(470): WP_Hook->do_action(Array)
#3 /home/buybulks/public_html/wp-settings.php(441): do_action('plugins_loaded')
#4 /home/buybulks/public_html/wp-config.php(90): require_once('/home/buybulks/...')
#5 /home/buybulks/public_html/wp-load.php(50): require_once('/home/buybulks/...')
#6 /home/buybulks/public_html/wp-admin/admin-ajax.php(22): require_once('/home/buybulks/...')
#7 {main}
  thrown in /home/buybulks/public_html/wp-content/plugins/custom-customization/functions.php on line 1148

2021-07-26T07:24:43+00:00 CRITICAL syntax error, unexpected '?' in /home/buybulks/public_html/wp-content/plugins/custom-customization/mycred/mycred-email-customization.php on line 137

2021-07-26T07:24:49+00:00 CRITICAL syntax error, unexpected '?' in /home/buybulks/public_html/wp-content/plugins/custom-customization/mycred/mycred-email-customization.php on line 137

2021-07-26T07:24:49+00:00 CRITICAL syntax error, unexpected '?' in /home/buybulks/public_html/wp-content/plugins/custom-customization/mycred/mycred-email-customization.php on line 137

2021-07-26T07:24:52+00:00 CRITICAL syntax error, unexpected '?' in /home/buybulks/public_html/wp-content/plugins/custom-customization/mycred/mycred-email-customization.php on line 137

2021-07-26T07:24:52+00:00 CRITICAL syntax error, unexpected '?' in /home/buybulks/public_html/wp-content/plugins/custom-customization/mycred/mycred-email-customization.php on line 137

2021-07-26T07:24:58+00:00 CRITICAL syntax error, unexpected '?' in /home/buybulks/public_html/wp-content/plugins/custom-customization/mycred/mycred-email-customization.php on line 137

2021-07-26T07:24:58+00:00 CRITICAL syntax error, unexpected '?' in /home/buybulks/public_html/wp-content/plugins/custom-customization/mycred/mycred-email-customization.php on line 137

2021-07-26T07:25:02+00:00 CRITICAL syntax error, unexpected '?' in /home/buybulks/public_html/wp-content/plugins/custom-customization/mycred/mycred-email-customization.php on line 137

2021-07-26T07:25:14+00:00 CRITICAL syntax error, unexpected '?' in /home/buybulks/public_html/wp-content/plugins/custom-customization/mycred/mycred-email-customization.php on line 137

2021-07-26T07:25:28+00:00 CRITICAL syntax error, unexpected '?' in /home/buybulks/public_html/wp-content/plugins/custom-customization/mycred/mycred-email-customization.php on line 137

2021-07-26T07:29:07+00:00 CRITICAL Uncaught Error: Class 'myCredEmailCustomization' not found in /home/buybulks/public_html/wp-content/plugins/custom-customization/functions.php:1148
Stack trace:
#0 /home/buybulks/public_html/wp-includes/class-wp-hook.php(303): myCredEmailCustomization('')
#1 /home/buybulks/public_html/wp-includes/class-wp-hook.php(327): WP_Hook->apply_filters(Object(raffleDrawStatsCustomization), Array)
#2 /home/buybulks/public_html/wp-includes/plugin.php(470): WP_Hook->do_action(Array)
#3 /home/buybulks/public_html/wp-settings.php(441): do_action('plugins_loaded')
#4 /home/buybulks/public_html/wp-config.php(90): require_once('/home/buybulks/...')
#5 /home/buybulks/public_html/wp-load.php(50): require_once('/home/buybulks/...')
#6 /home/buybulks/public_html/wp-admin/admin.php(34): require_once('/home/buybulks/...')
#7 /home/buybulks/public_html/wp-admin/post.php(12): require_once('/home/buybulks/...')
#8 {main}
  thrown in /home/buybulks/public_html/wp-content/plugins/custom-customization/functions.php on line 1148

2021-07-26T07:29:08+00:00 CRITICAL Uncaught Error: Class 'myCredEmailCustomization' not found in /home/buybulks/public_html/wp-content/plugins/custom-customization/functions.php:1148
Stack trace:
#0 /home/buybulks/public_html/wp-includes/class-wp-hook.php(303): myCredEmailCustomization('')
#1 /home/buybulks/public_html/wp-includes/class-wp-hook.php(327): WP_Hook->apply_filters(Object(raffleDrawStatsCustomization), Array)
#2 /home/buybulks/public_html/wp-includes/plugin.php(470): WP_Hook->do_action(Array)
#3 /home/buybulks/public_html/wp-settings.php(441): do_action('plugins_loaded')
#4 /home/buybulks/public_html/wp-config.php(90): require_once('/home/buybulks/...')
#5 /home/buybulks/public_html/wp-load.php(50): require_once('/home/buybulks/...')
#6 /home/buybulks/public_html/wp-admin/admin-ajax.php(22): require_once('/home/buybulks/...')
#7 {main}
  thrown in /home/buybulks/public_html/wp-content/plugins/custom-customization/functions.php on line 1148

2021-07-26T07:29:09+00:00 CRITICAL syntax error, unexpected '?' in /home/buybulks/public_html/wp-content/plugins/custom-customization/mycred/mycred-email-customization.php on line 136

2021-07-26T07:29:10+00:00 CRITICAL syntax error, unexpected '?' in /home/buybulks/public_html/wp-content/plugins/custom-customization/mycred/mycred-email-customization.php on line 136

2021-07-26T07:29:12+00:00 CRITICAL syntax error, unexpected '?' in /home/buybulks/public_html/wp-content/plugins/custom-customization/mycred/mycred-email-customization.php on line 136

2021-07-26T07:29:14+00:00 CRITICAL syntax error, unexpected '?' in /home/buybulks/public_html/wp-content/plugins/custom-customization/mycred/mycred-email-customization.php on line 136

2021-07-26T07:29:18+00:00 CRITICAL syntax error, unexpected '?' in /home/buybulks/public_html/wp-content/plugins/custom-customization/mycred/mycred-email-customization.php on line 136

2021-07-26T07:29:19+00:00 CRITICAL syntax error, unexpected '?' in /home/buybulks/public_html/wp-content/plugins/custom-customization/mycred/mycred-email-customization.php on line 136

2021-07-26T07:29:20+00:00 CRITICAL syntax error, unexpected '?' in /home/buybulks/public_html/wp-content/plugins/custom-customization/mycred/mycred-email-customization.php on line 136

2021-07-26T07:29:20+00:00 CRITICAL syntax error, unexpected '?' in /home/buybulks/public_html/wp-content/plugins/custom-customization/mycred/mycred-email-customization.php on line 136

2021-07-26T07:29:23+00:00 CRITICAL syntax error, unexpected '?' in /home/buybulks/public_html/wp-content/plugins/custom-customization/mycred/mycred-email-customization.php on line 136

2021-07-26T07:29:29+00:00 CRITICAL syntax error, unexpected '?' in /home/buybulks/public_html/wp-content/plugins/custom-customization/mycred/mycred-email-customization.php on line 136

2021-07-26T07:29:40+00:00 CRITICAL syntax error, unexpected '?' in /home/buybulks/public_html/wp-content/plugins/custom-customization/mycred/mycred-email-customization.php on line 136

2021-07-26T07:29:47+00:00 CRITICAL syntax error, unexpected '?' in /home/buybulks/public_html/wp-content/plugins/custom-customization/mycred/mycred-email-customization.php on line 136

2021-07-26T07:29:50+00:00 CRITICAL syntax error, unexpected '?' in /home/buybulks/public_html/wp-content/plugins/custom-customization/mycred/mycred-email-customization.php on line 136

2021-07-26T07:29:52+00:00 CRITICAL syntax error, unexpected '?' in /home/buybulks/public_html/wp-content/plugins/custom-customization/mycred/mycred-email-customization.php on line 136

2021-07-26T07:29:54+00:00 CRITICAL syntax error, unexpected '?' in /home/buybulks/public_html/wp-content/plugins/custom-customization/mycred/mycred-email-customization.php on line 136

2021-07-26T07:29:55+00:00 CRITICAL syntax error, unexpected '?' in /home/buybulks/public_html/wp-content/plugins/custom-customization/mycred/mycred-email-customization.php on line 136

2021-07-26T07:30:00+00:00 CRITICAL syntax error, unexpected '?' in /home/buybulks/public_html/wp-content/plugins/custom-customization/mycred/mycred-email-customization.php on line 136

2021-07-26T07:30:04+00:00 CRITICAL syntax error, unexpected '?' in /home/buybulks/public_html/wp-content/plugins/custom-customization/mycred/mycred-email-customization.php on line 136

2021-07-26T07:30:06+00:00 CRITICAL syntax error, unexpected '?' in /home/buybulks/public_html/wp-content/plugins/custom-customization/mycred/mycred-email-customization.php on line 136

2021-07-26T07:30:07+00:00 CRITICAL syntax error, unexpected '?' in /home/buybulks/public_html/wp-content/plugins/custom-customization/mycred/mycred-email-customization.php on line 136

2021-07-26T07:30:10+00:00 CRITICAL syntax error, unexpected '?' in /home/buybulks/public_html/wp-content/plugins/custom-customization/mycred/mycred-email-customization.php on line 136

2021-07-26T07:30:22+00:00 CRITICAL syntax error, unexpected '?' in /home/buybulks/public_html/wp-content/plugins/custom-customization/mycred/mycred-email-customization.php on line 136

2021-07-26T07:30:23+00:00 CRITICAL syntax error, unexpected '?' in /home/buybulks/public_html/wp-content/plugins/custom-customization/mycred/mycred-email-customization.php on line 136

2021-07-26T07:30:24+00:00 CRITICAL syntax error, unexpected '?' in /home/buybulks/public_html/wp-content/plugins/custom-customization/mycred/mycred-email-customization.php on line 136

2021-07-26T07:30:27+00:00 CRITICAL syntax error, unexpected '?' in /home/buybulks/public_html/wp-content/plugins/custom-customization/mycred/mycred-email-customization.php on line 136

2021-07-26T07:30:38+00:00 CRITICAL syntax error, unexpected '?' in /home/buybulks/public_html/wp-content/plugins/custom-customization/mycred/mycred-email-customization.php on line 136

2021-07-26T07:30:39+00:00 CRITICAL syntax error, unexpected '?' in /home/buybulks/public_html/wp-content/plugins/custom-customization/mycred/mycred-email-customization.php on line 136

2021-07-26T07:30:40+00:00 CRITICAL syntax error, unexpected '?' in /home/buybulks/public_html/wp-content/plugins/custom-customization/mycred/mycred-email-customization.php on line 136

2021-07-26T07:30:41+00:00 CRITICAL syntax error, unexpected '?' in /home/buybulks/public_html/wp-content/plugins/custom-customization/mycred/mycred-email-customization.php on line 136

2021-07-26T07:30:42+00:00 CRITICAL syntax error, unexpected '?' in /home/buybulks/public_html/wp-content/plugins/custom-customization/mycred/mycred-email-customization.php on line 136

2021-07-26T07:30:56+00:00 CRITICAL syntax error, unexpected '?' in /home/buybulks/public_html/wp-content/plugins/custom-customization/mycred/mycred-email-customization.php on line 136

2021-07-26T07:31:07+00:00 CRITICAL syntax error, unexpected '?' in /home/buybulks/public_html/wp-content/plugins/custom-customization/mycred/mycred-email-customization.php on line 136

2021-07-26T07:31:10+00:00 CRITICAL syntax error, unexpected '?' in /home/buybulks/public_html/wp-content/plugins/custom-customization/mycred/mycred-email-customization.php on line 136

2021-07-26T07:31:11+00:00 CRITICAL syntax error, unexpected '?' in /home/buybulks/public_html/wp-content/plugins/custom-customization/mycred/mycred-email-customization.php on line 136

2021-07-26T07:31:20+00:00 CRITICAL syntax error, unexpected '?' in /home/buybulks/public_html/wp-content/plugins/custom-customization/mycred/mycred-email-customization.php on line 136

2021-07-26T07:31:22+00:00 CRITICAL syntax error, unexpected '?' in /home/buybulks/public_html/wp-content/plugins/custom-customization/mycred/mycred-email-customization.php on line 136

2021-07-26T07:31:30+00:00 CRITICAL syntax error, unexpected '?' in /home/buybulks/public_html/wp-content/plugins/custom-customization/mycred/mycred-email-customization.php on line 136

2021-07-26T07:31:30+00:00 CRITICAL syntax error, unexpected '?' in /home/buybulks/public_html/wp-content/plugins/custom-customization/mycred/mycred-email-customization.php on line 136

2021-07-26T07:31:31+00:00 CRITICAL syntax error, unexpected '?' in /home/buybulks/public_html/wp-content/plugins/custom-customization/mycred/mycred-email-customization.php on line 136

2021-07-26T07:31:34+00:00 CRITICAL syntax error, unexpected '?' in /home/buybulks/public_html/wp-content/plugins/custom-customization/mycred/mycred-email-customization.php on line 136

2021-07-26T07:31:35+00:00 CRITICAL syntax error, unexpected '?' in /home/buybulks/public_html/wp-content/plugins/custom-customization/mycred/mycred-email-customization.php on line 136

2021-07-26T07:31:35+00:00 CRITICAL syntax error, unexpected '?' in /home/buybulks/public_html/wp-content/plugins/custom-customization/mycred/mycred-email-customization.php on line 136

2021-07-26T07:31:37+00:00 CRITICAL syntax error, unexpected '?' in /home/buybulks/public_html/wp-content/plugins/custom-customization/mycred/mycred-email-customization.php on line 136

2021-07-26T07:31:37+00:00 CRITICAL syntax error, unexpected '?' in /home/buybulks/public_html/wp-content/plugins/custom-customization/mycred/mycred-email-customization.php on line 136

2021-07-26T07:31:38+00:00 CRITICAL syntax error, unexpected '?' in /home/buybulks/public_html/wp-content/plugins/custom-customization/mycred/mycred-email-customization.php on line 136

2021-07-26T07:31:45+00:00 CRITICAL syntax error, unexpected '?' in /home/buybulks/public_html/wp-content/plugins/custom-customization/mycred/mycred-email-customization.php on line 136

2021-07-26T07:31:48+00:00 CRITICAL syntax error, unexpected '?' in /home/buybulks/public_html/wp-content/plugins/custom-customization/mycred/mycred-email-customization.php on line 137

2021-07-26T07:31:49+00:00 CRITICAL syntax error, unexpected '?' in /home/buybulks/public_html/wp-content/plugins/custom-customization/mycred/mycred-email-customization.php on line 137

2021-07-26T07:31:50+00:00 CRITICAL syntax error, unexpected '?' in /home/buybulks/public_html/wp-content/plugins/custom-customization/mycred/mycred-email-customization.php on line 137

2021-07-26T07:31:50+00:00 CRITICAL syntax error, unexpected '?' in /home/buybulks/public_html/wp-content/plugins/custom-customization/mycred/mycred-email-customization.php on line 137

2021-07-26T07:31:51+00:00 CRITICAL syntax error, unexpected '?' in /home/buybulks/public_html/wp-content/plugins/custom-customization/mycred/mycred-email-customization.php on line 137

2021-07-26T07:31:51+00:00 CRITICAL syntax error, unexpected '?' in /home/buybulks/public_html/wp-content/plugins/custom-customization/mycred/mycred-email-customization.php on line 137

2021-07-26T07:31:51+00:00 CRITICAL syntax error, unexpected '?' in /home/buybulks/public_html/wp-content/plugins/custom-customization/mycred/mycred-email-customization.php on line 137

2021-07-26T07:31:51+00:00 CRITICAL syntax error, unexpected '?' in /home/buybulks/public_html/wp-content/plugins/custom-customization/mycred/mycred-email-customization.php on line 137

2021-07-26T07:31:51+00:00 CRITICAL syntax error, unexpected '?' in /home/buybulks/public_html/wp-content/plugins/custom-customization/mycred/mycred-email-customization.php on line 137

2021-07-26T07:31:51+00:00 CRITICAL syntax error, unexpected '?' in /home/buybulks/public_html/wp-content/plugins/custom-customization/mycred/mycred-email-customization.php on line 137

2021-07-26T07:31:51+00:00 CRITICAL syntax error, unexpected '?' in /home/buybulks/public_html/wp-content/plugins/custom-customization/mycred/mycred-email-customization.php on line 137

2021-07-26T07:31:51+00:00 CRITICAL syntax error, unexpected '?' in /home/buybulks/public_html/wp-content/plugins/custom-customization/mycred/mycred-email-customization.php on line 137

2021-07-26T07:31:51+00:00 CRITICAL syntax error, unexpected '?' in /home/buybulks/public_html/wp-content/plugins/custom-customization/mycred/mycred-email-customization.php on line 137

2021-07-26T07:31:51+00:00 CRITICAL syntax error, unexpected '?' in /home/buybulks/public_html/wp-content/plugins/custom-customization/mycred/mycred-email-customization.php on line 137

2021-07-26T07:31:51+00:00 CRITICAL syntax error, unexpected '?' in /home/buybulks/public_html/wp-content/plugins/custom-customization/mycred/mycred-email-customization.php on line 137

2021-07-26T07:31:52+00:00 CRITICAL syntax error, unexpected '?' in /home/buybulks/public_html/wp-content/plugins/custom-customization/mycred/mycred-email-customization.php on line 137

2021-07-26T07:31:52+00:00 CRITICAL syntax error, unexpected '?' in /home/buybulks/public_html/wp-content/plugins/custom-customization/mycred/mycred-email-customization.php on line 137

2021-07-26T07:31:52+00:00 CRITICAL syntax error, unexpected '?' in /home/buybulks/public_html/wp-content/plugins/custom-customization/mycred/mycred-email-customization.php on line 137

2021-07-26T07:31:52+00:00 CRITICAL syntax error, unexpected '?' in /home/buybulks/public_html/wp-content/plugins/custom-customization/mycred/mycred-email-customization.php on line 137

2021-07-26T07:31:52+00:00 CRITICAL syntax error, unexpected '?' in /home/buybulks/public_html/wp-content/plugins/custom-customization/mycred/mycred-email-customization.php on line 137

2021-07-26T07:31:52+00:00 CRITICAL syntax error, unexpected '?' in /home/buybulks/public_html/wp-content/plugins/custom-customization/mycred/mycred-email-customization.php on line 137

2021-07-26T07:31:52+00:00 CRITICAL syntax error, unexpected '?' in /home/buybulks/public_html/wp-content/plugins/custom-customization/mycred/mycred-email-customization.php on line 137

2021-07-26T07:31:52+00:00 CRITICAL syntax error, unexpected '?' in /home/buybulks/public_html/wp-content/plugins/custom-customization/mycred/mycred-email-customization.php on line 137

2021-07-26T07:31:52+00:00 CRITICAL syntax error, unexpected '?' in /home/buybulks/public_html/wp-content/plugins/custom-customization/mycred/mycred-email-customization.php on line 137

2021-07-26T07:31:52+00:00 CRITICAL syntax error, unexpected '?' in /home/buybulks/public_html/wp-content/plugins/custom-customization/mycred/mycred-email-customization.php on line 137

2021-07-26T07:31:52+00:00 CRITICAL syntax error, unexpected '?' in /home/buybulks/public_html/wp-content/plugins/custom-customization/mycred/mycred-email-customization.php on line 137

2021-07-26T07:31:53+00:00 CRITICAL syntax error, unexpected '?' in /home/buybulks/public_html/wp-content/plugins/custom-customization/mycred/mycred-email-customization.php on line 137

2021-07-26T07:31:53+00:00 CRITICAL syntax error, unexpected '?' in /home/buybulks/public_html/wp-content/plugins/custom-customization/mycred/mycred-email-customization.php on line 137

2021-07-26T07:31:53+00:00 CRITICAL syntax error, unexpected '?' in /home/buybulks/public_html/wp-content/plugins/custom-customization/mycred/mycred-email-customization.php on line 137

2021-07-26T07:31:53+00:00 CRITICAL syntax error, unexpected '?' in /home/buybulks/public_html/wp-content/plugins/custom-customization/mycred/mycred-email-customization.php on line 137

2021-07-26T07:31:53+00:00 CRITICAL syntax error, unexpected '?' in /home/buybulks/public_html/wp-content/plugins/custom-customization/mycred/mycred-email-customization.php on line 137

2021-07-26T07:31:53+00:00 CRITICAL syntax error, unexpected '?' in /home/buybulks/public_html/wp-content/plugins/custom-customization/mycred/mycred-email-customization.php on line 137

2021-07-26T07:31:53+00:00 CRITICAL syntax error, unexpected '?' in /home/buybulks/public_html/wp-content/plugins/custom-customization/mycred/mycred-email-customization.php on line 137

2021-07-26T07:31:53+00:00 CRITICAL syntax error, unexpected '?' in /home/buybulks/public_html/wp-content/plugins/custom-customization/mycred/mycred-email-customization.php on line 137

2021-07-26T07:31:53+00:00 CRITICAL syntax error, unexpected '?' in /home/buybulks/public_html/wp-content/plugins/custom-customization/mycred/mycred-email-customization.php on line 137

2021-07-26T07:31:53+00:00 CRITICAL syntax error, unexpected '?' in /home/buybulks/public_html/wp-content/plugins/custom-customization/mycred/mycred-email-customization.php on line 137

2021-07-26T07:31:54+00:00 CRITICAL syntax error, unexpected '?' in /home/buybulks/public_html/wp-content/plugins/custom-customization/mycred/mycred-email-customization.php on line 137

2021-07-26T07:31:54+00:00 CRITICAL syntax error, unexpected '?' in /home/buybulks/public_html/wp-content/plugins/custom-customization/mycred/mycred-email-customization.php on line 137

2021-07-26T07:31:54+00:00 CRITICAL syntax error, unexpected '?' in /home/buybulks/public_html/wp-content/plugins/custom-customization/mycred/mycred-email-customization.php on line 137

2021-07-26T07:31:54+00:00 CRITICAL syntax error, unexpected '?' in /home/buybulks/public_html/wp-content/plugins/custom-customization/mycred/mycred-email-customization.php on line 137

2021-07-26T07:31:54+00:00 CRITICAL syntax error, unexpected '?' in /home/buybulks/public_html/wp-content/plugins/custom-customization/mycred/mycred-email-customization.php on line 137

2021-07-26T07:31:54+00:00 CRITICAL syntax error, unexpected '?' in /home/buybulks/public_html/wp-content/plugins/custom-customization/mycred/mycred-email-customization.php on line 137

2021-07-26T07:31:54+00:00 CRITICAL syntax error, unexpected '?' in /home/buybulks/public_html/wp-content/plugins/custom-customization/mycred/mycred-email-customization.php on line 137

2021-07-26T07:31:54+00:00 CRITICAL syntax error, unexpected '?' in /home/buybulks/public_html/wp-content/plugins/custom-customization/mycred/mycred-email-customization.php on line 137

2021-07-26T07:31:54+00:00 CRITICAL syntax error, unexpected '?' in /home/buybulks/public_html/wp-content/plugins/custom-customization/mycred/mycred-email-customization.php on line 137

2021-07-26T07:31:54+00:00 CRITICAL syntax error, unexpected '?' in /home/buybulks/public_html/wp-content/plugins/custom-customization/mycred/mycred-email-customization.php on line 137

2021-07-26T07:31:54+00:00 CRITICAL syntax error, unexpected '?' in /home/buybulks/public_html/wp-content/plugins/custom-customization/mycred/mycred-email-customization.php on line 137

2021-07-26T07:31:54+00:00 CRITICAL syntax error, unexpected '?' in /home/buybulks/public_html/wp-content/plugins/custom-customization/mycred/mycred-email-customization.php on line 137

2021-07-26T07:31:55+00:00 CRITICAL syntax error, unexpected '?' in /home/buybulks/public_html/wp-content/plugins/custom-customization/mycred/mycred-email-customization.php on line 137

2021-07-26T07:31:55+00:00 CRITICAL syntax error, unexpected '?' in /home/buybulks/public_html/wp-content/plugins/custom-customization/mycred/mycred-email-customization.php on line 137

2021-07-26T07:31:55+00:00 CRITICAL syntax error, unexpected '?' in /home/buybulks/public_html/wp-content/plugins/custom-customization/mycred/mycred-email-customization.php on line 137

2021-07-26T07:31:55+00:00 CRITICAL syntax error, unexpected '?' in /home/buybulks/public_html/wp-content/plugins/custom-customization/mycred/mycred-email-customization.php on line 137

2021-07-26T07:31:55+00:00 CRITICAL syntax error, unexpected '?' in /home/buybulks/public_html/wp-content/plugins/custom-customization/mycred/mycred-email-customization.php on line 137

2021-07-26T07:31:55+00:00 CRITICAL syntax error, unexpected '?' in /home/buybulks/public_html/wp-content/plugins/custom-customization/mycred/mycred-email-customization.php on line 137

2021-07-26T07:31:59+00:00 CRITICAL syntax error, unexpected '?' in /home/buybulks/public_html/wp-content/plugins/custom-customization/mycred/mycred-email-customization.php on line 137

2021-07-26T07:32:17+00:00 CRITICAL syntax error, unexpected '?' in /home/buybulks/public_html/wp-content/plugins/custom-customization/mycred/mycred-email-customization.php on line 137

2021-07-26T07:32:18+00:00 CRITICAL syntax error, unexpected '?' in /home/buybulks/public_html/wp-content/plugins/custom-customization/mycred/mycred-email-customization.php on line 137

2021-07-26T07:32:18+00:00 CRITICAL syntax error, unexpected '?' in /home/buybulks/public_html/wp-content/plugins/custom-customization/mycred/mycred-email-customization.php on line 137

2021-07-26T07:32:19+00:00 CRITICAL syntax error, unexpected '?' in /home/buybulks/public_html/wp-content/plugins/custom-customization/mycred/mycred-email-customization.php on line 137

2021-07-26T07:32:20+00:00 CRITICAL syntax error, unexpected '?' in /home/buybulks/public_html/wp-content/plugins/custom-customization/mycred/mycred-email-customization.php on line 137

2021-07-26T07:32:23+00:00 CRITICAL syntax error, unexpected '?' in /home/buybulks/public_html/wp-content/plugins/custom-customization/mycred/mycred-email-customization.php on line 137

2021-07-26T07:32:25+00:00 CRITICAL syntax error, unexpected '?' in /home/buybulks/public_html/wp-content/plugins/custom-customization/mycred/mycred-email-customization.php on line 137

2021-07-26T07:32:27+00:00 CRITICAL syntax error, unexpected '?' in /home/buybulks/public_html/wp-content/plugins/custom-customization/mycred/mycred-email-customization.php on line 137

2021-07-26T07:32:28+00:00 CRITICAL syntax error, unexpected '?' in /home/buybulks/public_html/wp-content/plugins/custom-customization/mycred/mycred-email-customization.php on line 137

2021-07-26T07:32:38+00:00 CRITICAL syntax error, unexpected '?' in /home/buybulks/public_html/wp-content/plugins/custom-customization/mycred/mycred-email-customization.php on line 137

2021-07-26T07:32:43+00:00 CRITICAL syntax error, unexpected '?' in /home/buybulks/public_html/wp-content/plugins/custom-customization/mycred/mycred-email-customization.php on line 137

2021-07-26T07:32:44+00:00 CRITICAL syntax error, unexpected '?' in /home/buybulks/public_html/wp-content/plugins/custom-customization/mycred/mycred-email-customization.php on line 137

2021-07-26T07:32:45+00:00 CRITICAL syntax error, unexpected '?' in /home/buybulks/public_html/wp-content/plugins/custom-customization/mycred/mycred-email-customization.php on line 137

2021-07-26T07:32:45+00:00 CRITICAL syntax error, unexpected '?' in /home/buybulks/public_html/wp-content/plugins/custom-customization/mycred/mycred-email-customization.php on line 137

2021-07-26T07:32:45+00:00 CRITICAL syntax error, unexpected '?' in /home/buybulks/public_html/wp-content/plugins/custom-customization/mycred/mycred-email-customization.php on line 137

2021-07-26T07:32:45+00:00 CRITICAL syntax error, unexpected '?' in /home/buybulks/public_html/wp-content/plugins/custom-customization/mycred/mycred-email-customization.php on line 137

2021-07-26T07:32:45+00:00 CRITICAL syntax error, unexpected '?' in /home/buybulks/public_html/wp-content/plugins/custom-customization/mycred/mycred-email-customization.php on line 137

2021-07-26T07:32:45+00:00 CRITICAL syntax error, unexpected '?' in /home/buybulks/public_html/wp-content/plugins/custom-customization/mycred/mycred-email-customization.php on line 137

2021-07-26T07:32:45+00:00 CRITICAL syntax error, unexpected '?' in /home/buybulks/public_html/wp-content/plugins/custom-customization/mycred/mycred-email-customization.php on line 137

2021-07-26T07:32:45+00:00 CRITICAL syntax error, unexpected '?' in /home/buybulks/public_html/wp-content/plugins/custom-customization/mycred/mycred-email-customization.php on line 137

2021-07-26T07:32:45+00:00 CRITICAL syntax error, unexpected '?' in /home/buybulks/public_html/wp-content/plugins/custom-customization/mycred/mycred-email-customization.php on line 137

2021-07-26T07:32:45+00:00 CRITICAL syntax error, unexpected '?' in /home/buybulks/public_html/wp-content/plugins/custom-customization/mycred/mycred-email-customization.php on line 137

2021-07-26T07:32:46+00:00 CRITICAL syntax error, unexpected '?' in /home/buybulks/public_html/wp-content/plugins/custom-customization/mycred/mycred-email-customization.php on line 137

2021-07-26T07:32:46+00:00 CRITICAL syntax error, unexpected '?' in /home/buybulks/public_html/wp-content/plugins/custom-customization/mycred/mycred-email-customization.php on line 137

2021-07-26T07:32:46+00:00 CRITICAL syntax error, unexpected '?' in /home/buybulks/public_html/wp-content/plugins/custom-customization/mycred/mycred-email-customization.php on line 137

2021-07-26T07:32:46+00:00 CRITICAL syntax error, unexpected '?' in /home/buybulks/public_html/wp-content/plugins/custom-customization/mycred/mycred-email-customization.php on line 137

2021-07-26T07:32:46+00:00 CRITICAL syntax error, unexpected '?' in /home/buybulks/public_html/wp-content/plugins/custom-customization/mycred/mycred-email-customization.php on line 137

2021-07-26T07:32:46+00:00 CRITICAL syntax error, unexpected '?' in /home/buybulks/public_html/wp-content/plugins/custom-customization/mycred/mycred-email-customization.php on line 137

2021-07-26T07:32:46+00:00 CRITICAL syntax error, unexpected '?' in /home/buybulks/public_html/wp-content/plugins/custom-customization/mycred/mycred-email-customization.php on line 137

2021-07-26T07:32:46+00:00 CRITICAL syntax error, unexpected '?' in /home/buybulks/public_html/wp-content/plugins/custom-customization/mycred/mycred-email-customization.php on line 137

2021-07-26T07:32:46+00:00 CRITICAL syntax error, unexpected '?' in /home/buybulks/public_html/wp-content/plugins/custom-customization/mycred/mycred-email-customization.php on line 137

2021-07-26T07:32:46+00:00 CRITICAL syntax error, unexpected '?' in /home/buybulks/public_html/wp-content/plugins/custom-customization/mycred/mycred-email-customization.php on line 137

2021-07-26T07:32:46+00:00 CRITICAL syntax error, unexpected '?' in /home/buybulks/public_html/wp-content/plugins/custom-customization/mycred/mycred-email-customization.php on line 137

2021-07-26T07:32:46+00:00 CRITICAL syntax error, unexpected '?' in /home/buybulks/public_html/wp-content/plugins/custom-customization/mycred/mycred-email-customization.php on line 137

2021-07-26T07:32:46+00:00 CRITICAL syntax error, unexpected '?' in /home/buybulks/public_html/wp-content/plugins/custom-customization/mycred/mycred-email-customization.php on line 137

2021-07-26T07:32:49+00:00 CRITICAL syntax error, unexpected '?' in /home/buybulks/public_html/wp-content/plugins/custom-customization/mycred/mycred-email-customization.php on line 137

2021-07-26T07:32:55+00:00 CRITICAL syntax error, unexpected '?' in /home/buybulks/public_html/wp-content/plugins/custom-customization/mycred/mycred-email-customization.php on line 137

2021-07-26T07:32:56+00:00 CRITICAL syntax error, unexpected '?' in /home/buybulks/public_html/wp-content/plugins/custom-customization/mycred/mycred-email-customization.php on line 137

2021-07-26T07:32:56+00:00 CRITICAL syntax error, unexpected '?' in /home/buybulks/public_html/wp-content/plugins/custom-customization/mycred/mycred-email-customization.php on line 137

2021-07-26T07:32:57+00:00 CRITICAL syntax error, unexpected '?' in /home/buybulks/public_html/wp-content/plugins/custom-customization/mycred/mycred-email-customization.php on line 137

2021-07-26T07:32:57+00:00 CRITICAL syntax error, unexpected '?' in /home/buybulks/public_html/wp-content/plugins/custom-customization/mycred/mycred-email-customization.php on line 137

2021-07-26T07:32:59+00:00 CRITICAL syntax error, unexpected '?' in /home/buybulks/public_html/wp-content/plugins/custom-customization/mycred/mycred-email-customization.php on line 137

2021-07-26T07:33:02+00:00 CRITICAL syntax error, unexpected '?' in /home/buybulks/public_html/wp-content/plugins/custom-customization/mycred/mycred-email-customization.php on line 137

2021-07-26T07:33:08+00:00 CRITICAL syntax error, unexpected '?' in /home/buybulks/public_html/wp-content/plugins/custom-customization/mycred/mycred-email-customization.php on line 137

2021-07-26T07:33:31+00:00 CRITICAL syntax error, unexpected '?' in /home/buybulks/public_html/wp-content/plugins/custom-customization/mycred/mycred-email-customization.php on line 137

2021-07-26T07:33:32+00:00 CRITICAL syntax error, unexpected '?' in /home/buybulks/public_html/wp-content/plugins/custom-customization/mycred/mycred-email-customization.php on line 137

2021-07-26T07:33:34+00:00 CRITICAL syntax error, unexpected '?' in /home/buybulks/public_html/wp-content/plugins/custom-customization/mycred/mycred-email-customization.php on line 137

2021-07-26T07:34:18+00:00 CRITICAL syntax error, unexpected '?' in /home/buybulks/public_html/wp-content/plugins/custom-customization/mycred/mycred-email-customization.php on line 137

2021-07-26T07:34:21+00:00 CRITICAL syntax error, unexpected '?' in /home/buybulks/public_html/wp-content/plugins/custom-customization/mycred/mycred-email-customization.php on line 137

2021-07-26T07:34:24+00:00 CRITICAL syntax error, unexpected '?' in /home/buybulks/public_html/wp-content/plugins/custom-customization/mycred/mycred-email-customization.php on line 137

2021-07-26T07:34:25+00:00 CRITICAL syntax error, unexpected '?' in /home/buybulks/public_html/wp-content/plugins/custom-customization/mycred/mycred-email-customization.php on line 137

2021-07-26T07:34:25+00:00 CRITICAL syntax error, unexpected '?' in /home/buybulks/public_html/wp-content/plugins/custom-customization/mycred/mycred-email-customization.php on line 137

2021-07-26T07:34:37+00:00 CRITICAL syntax error, unexpected '?' in /home/buybulks/public_html/wp-content/plugins/custom-customization/mycred/mycred-email-customization.php on line 137

2021-07-26T07:34:57+00:00 CRITICAL syntax error, unexpected '?' in /home/buybulks/public_html/wp-content/plugins/custom-customization/mycred/mycred-email-customization.php on line 137

2021-07-26T07:35:01+00:00 CRITICAL syntax error, unexpected '?' in /home/buybulks/public_html/wp-content/plugins/custom-customization/mycred/mycred-email-customization.php on line 137

2021-07-26T07:35:03+00:00 CRITICAL Uncaught Error: Class 'myCredEmailCustomization' not found in /home/buybulks/public_html/wp-content/plugins/custom-customization/functions.php:1148
Stack trace:
#0 /home/buybulks/public_html/wp-includes/class-wp-hook.php(303): myCredEmailCustomization('')
#1 /home/buybulks/public_html/wp-includes/class-wp-hook.php(327): WP_Hook->apply_filters(Object(raffleDrawStatsCustomization), Array)
#2 /home/buybulks/public_html/wp-includes/plugin.php(470): WP_Hook->do_action(Array)
#3 /home/buybulks/public_html/wp-settings.php(441): do_action('plugins_loaded')
#4 /home/buybulks/public_html/wp-config.php(90): require_once('/home/buybulks/...')
#5 /home/buybulks/public_html/wp-load.php(50): require_once('/home/buybulks/...')
#6 /home/buybulks/public_html/wp-admin/admin-ajax.php(22): require_once('/home/buybulks/...')
#7 {main}
  thrown in /home/buybulks/public_html/wp-content/plugins/custom-customization/functions.php on line 1148

2021-07-26T07:35:17+00:00 CRITICAL syntax error, unexpected '?' in /home/buybulks/public_html/wp-content/plugins/custom-customization/mycred/mycred-email-customization.php on line 137

2021-07-26T07:35:29+00:00 CRITICAL syntax error, unexpected '?' in /home/buybulks/public_html/wp-content/plugins/custom-customization/mycred/mycred-email-customization.php on line 137

2021-07-26T07:35:32+00:00 CRITICAL syntax error, unexpected '?' in /home/buybulks/public_html/wp-content/plugins/custom-customization/mycred/mycred-email-customization.php on line 137

2021-07-26T07:35:32+00:00 CRITICAL syntax error, unexpected '?' in /home/buybulks/public_html/wp-content/plugins/custom-customization/mycred/mycred-email-customization.php on line 137

2021-07-26T07:35:48+00:00 CRITICAL syntax error, unexpected '?' in /home/buybulks/public_html/wp-content/plugins/custom-customization/mycred/mycred-email-customization.php on line 137

2021-07-26T07:36:03+00:00 CRITICAL syntax error, unexpected '?' in /home/buybulks/public_html/wp-content/plugins/custom-customization/mycred/mycred-email-customization.php on line 137

2021-07-26T07:36:24+00:00 CRITICAL syntax error, unexpected '?' in /home/buybulks/public_html/wp-content/plugins/custom-customization/mycred/mycred-email-customization.php on line 137

2021-07-26T07:36:25+00:00 CRITICAL syntax error, unexpected '?' in /home/buybulks/public_html/wp-content/plugins/custom-customization/mycred/mycred-email-customization.php on line 137

2021-07-26T07:36:33+00:00 CRITICAL syntax error, unexpected '?' in /home/buybulks/public_html/wp-content/plugins/custom-customization/mycred/mycred-email-customization.php on line 137

2021-07-26T07:36:39+00:00 CRITICAL syntax error, unexpected '?' in /home/buybulks/public_html/wp-content/plugins/custom-customization/mycred/mycred-email-customization.php on line 137

2021-07-26T07:37:33+00:00 CRITICAL syntax error, unexpected '?' in /home/buybulks/public_html/wp-content/plugins/custom-customization/mycred/mycred-email-customization.php on line 137

2021-07-26T07:38:04+00:00 CRITICAL syntax error, unexpected '?' in /home/buybulks/public_html/wp-content/plugins/custom-customization/mycred/mycred-email-customization.php on line 137

2021-07-26T07:38:25+00:00 CRITICAL syntax error, unexpected '?' in /home/buybulks/public_html/wp-content/plugins/custom-customization/mycred/mycred-email-customization.php on line 137

2021-07-26T07:38:26+00:00 CRITICAL syntax error, unexpected '?' in /home/buybulks/public_html/wp-content/plugins/custom-customization/mycred/mycred-email-customization.php on line 137

2021-07-26T07:38:39+00:00 CRITICAL syntax error, unexpected '?' in /home/buybulks/public_html/wp-content/plugins/custom-customization/mycred/mycred-email-customization.php on line 137

2021-07-26T07:46:06+00:00 CRITICAL syntax error, unexpected '?' in /home/buybulks/public_html/wp-content/plugins/custom-customization/mycred/mycred-email-customization.php on line 137

2021-07-26T07:46:07+00:00 CRITICAL syntax error, unexpected '?' in /home/buybulks/public_html/wp-content/plugins/custom-customization/mycred/mycred-email-customization.php on line 137

2021-07-26T07:46:09+00:00 CRITICAL syntax error, unexpected '?' in /home/buybulks/public_html/wp-content/plugins/custom-customization/mycred/mycred-email-customization.php on line 137

2021-07-26T07:46:10+00:00 CRITICAL syntax error, unexpected '?' in /home/buybulks/public_html/wp-content/plugins/custom-customization/mycred/mycred-email-customization.php on line 137

2021-07-26T07:46:11+00:00 CRITICAL syntax error, unexpected '?' in /home/buybulks/public_html/wp-content/plugins/custom-customization/mycred/mycred-email-customization.php on line 137

2021-07-26T07:47:27+00:00 CRITICAL syntax error, unexpected '?>' in /home/buybulks/public_html/wp-content/plugins/custom-customization/mycred/mycred-email-customization.php on line 138

2021-07-26T07:47:31+00:00 CRITICAL syntax error, unexpected '?>' in /home/buybulks/public_html/wp-content/plugins/custom-customization/mycred/mycred-email-customization.php on line 138

2021-07-26T07:47:36+00:00 CRITICAL syntax error, unexpected '?>' in /home/buybulks/public_html/wp-content/plugins/custom-customization/mycred/mycred-email-customization.php on line 138

2021-07-26T07:48:08+00:00 CRITICAL syntax error, unexpected 'public' (T_PUBLIC) in /home/buybulks/public_html/wp-content/plugins/custom-customization/mycred/mycred-email-customization.php on line 146

2021-07-26T07:48:08+00:00 CRITICAL syntax error, unexpected 'public' (T_PUBLIC) in /home/buybulks/public_html/wp-content/plugins/custom-customization/mycred/mycred-email-customization.php on line 146

2021-07-26T07:48:12+00:00 CRITICAL syntax error, unexpected 'public' (T_PUBLIC) in /home/buybulks/public_html/wp-content/plugins/custom-customization/mycred/mycred-email-customization.php on line 146

2021-07-26T07:48:14+00:00 CRITICAL syntax error, unexpected 'public' (T_PUBLIC) in /home/buybulks/public_html/wp-content/plugins/custom-customization/mycred/mycred-email-customization.php on line 146

2021-07-26T07:48:54+00:00 CRITICAL syntax error, unexpected 'public' (T_PUBLIC) in /home/buybulks/public_html/wp-content/plugins/custom-customization/mycred/mycred-email-customization.php on line 146

2021-07-26T07:49:01+00:00 CRITICAL syntax error, unexpected 'public' (T_PUBLIC) in /home/buybulks/public_html/wp-content/plugins/custom-customization/mycred/mycred-email-customization.php on line 146

2021-07-26T07:49:37+00:00 CRITICAL syntax error, unexpected 'public' (T_PUBLIC) in /home/buybulks/public_html/wp-content/plugins/custom-customization/mycred/mycred-email-customization.php on line 146

2021-07-26T07:49:53+00:00 CRITICAL syntax error, unexpected 'public' (T_PUBLIC) in /home/buybulks/public_html/wp-content/plugins/custom-customization/mycred/mycred-email-customization.php on line 146

2021-07-26T07:49:53+00:00 CRITICAL syntax error, unexpected 'public' (T_PUBLIC) in /home/buybulks/public_html/wp-content/plugins/custom-customization/mycred/mycred-email-customization.php on line 146

2021-07-26T07:49:54+00:00 CRITICAL syntax error, unexpected 'public' (T_PUBLIC) in /home/buybulks/public_html/wp-content/plugins/custom-customization/mycred/mycred-email-customization.php on line 146

2021-07-26T07:49:55+00:00 CRITICAL syntax error, unexpected 'public' (T_PUBLIC) in /home/buybulks/public_html/wp-content/plugins/custom-customization/mycred/mycred-email-customization.php on line 146

2021-07-26T07:49:55+00:00 CRITICAL syntax error, unexpected 'public' (T_PUBLIC) in /home/buybulks/public_html/wp-content/plugins/custom-customization/mycred/mycred-email-customization.php on line 146

2021-07-26T07:49:55+00:00 CRITICAL syntax error, unexpected 'public' (T_PUBLIC) in /home/buybulks/public_html/wp-content/plugins/custom-customization/mycred/mycred-email-customization.php on line 146

2021-07-26T07:49:55+00:00 CRITICAL syntax error, unexpected 'public' (T_PUBLIC) in /home/buybulks/public_html/wp-content/plugins/custom-customization/mycred/mycred-email-customization.php on line 146

2021-07-26T07:49:55+00:00 CRITICAL syntax error, unexpected 'public' (T_PUBLIC) in /home/buybulks/public_html/wp-content/plugins/custom-customization/mycred/mycred-email-customization.php on line 146

2021-07-26T07:49:56+00:00 CRITICAL syntax error, unexpected 'public' (T_PUBLIC) in /home/buybulks/public_html/wp-content/plugins/custom-customization/mycred/mycred-email-customization.php on line 146

2021-07-26T07:49:56+00:00 CRITICAL syntax error, unexpected 'public' (T_PUBLIC) in /home/buybulks/public_html/wp-content/plugins/custom-customization/mycred/mycred-email-customization.php on line 146

2021-07-26T07:49:56+00:00 CRITICAL syntax error, unexpected 'public' (T_PUBLIC) in /home/buybulks/public_html/wp-content/plugins/custom-customization/mycred/mycred-email-customization.php on line 146

2021-07-26T07:49:56+00:00 CRITICAL syntax error, unexpected 'public' (T_PUBLIC) in /home/buybulks/public_html/wp-content/plugins/custom-customization/mycred/mycred-email-customization.php on line 146

2021-07-26T07:49:56+00:00 CRITICAL syntax error, unexpected 'public' (T_PUBLIC) in /home/buybulks/public_html/wp-content/plugins/custom-customization/mycred/mycred-email-customization.php on line 146

2021-07-26T07:49:56+00:00 CRITICAL syntax error, unexpected 'public' (T_PUBLIC) in /home/buybulks/public_html/wp-content/plugins/custom-customization/mycred/mycred-email-customization.php on line 146

2021-07-26T07:49:56+00:00 CRITICAL syntax error, unexpected 'public' (T_PUBLIC) in /home/buybulks/public_html/wp-content/plugins/custom-customization/mycred/mycred-email-customization.php on line 146

2021-07-26T07:49:56+00:00 CRITICAL syntax error, unexpected 'public' (T_PUBLIC) in /home/buybulks/public_html/wp-content/plugins/custom-customization/mycred/mycred-email-customization.php on line 146

2021-07-26T07:49:56+00:00 CRITICAL syntax error, unexpected 'public' (T_PUBLIC) in /home/buybulks/public_html/wp-content/plugins/custom-customization/mycred/mycred-email-customization.php on line 146

2021-07-26T07:49:56+00:00 CRITICAL syntax error, unexpected 'public' (T_PUBLIC) in /home/buybulks/public_html/wp-content/plugins/custom-customization/mycred/mycred-email-customization.php on line 146

2021-07-26T07:49:56+00:00 CRITICAL syntax error, unexpected 'public' (T_PUBLIC) in /home/buybulks/public_html/wp-content/plugins/custom-customization/mycred/mycred-email-customization.php on line 146

2021-07-26T07:49:56+00:00 CRITICAL syntax error, unexpected 'public' (T_PUBLIC) in /home/buybulks/public_html/wp-content/plugins/custom-customization/mycred/mycred-email-customization.php on line 146

2021-07-26T07:49:56+00:00 CRITICAL syntax error, unexpected 'public' (T_PUBLIC) in /home/buybulks/public_html/wp-content/plugins/custom-customization/mycred/mycred-email-customization.php on line 146

2021-07-26T07:49:56+00:00 CRITICAL syntax error, unexpected 'public' (T_PUBLIC) in /home/buybulks/public_html/wp-content/plugins/custom-customization/mycred/mycred-email-customization.php on line 146

2021-07-26T07:49:56+00:00 CRITICAL syntax error, unexpected 'public' (T_PUBLIC) in /home/buybulks/public_html/wp-content/plugins/custom-customization/mycred/mycred-email-customization.php on line 146

2021-07-26T07:49:57+00:00 CRITICAL syntax error, unexpected 'public' (T_PUBLIC) in /home/buybulks/public_html/wp-content/plugins/custom-customization/mycred/mycred-email-customization.php on line 146

2021-07-26T07:49:57+00:00 CRITICAL syntax error, unexpected 'public' (T_PUBLIC) in /home/buybulks/public_html/wp-content/plugins/custom-customization/mycred/mycred-email-customization.php on line 146

2021-07-26T07:49:57+00:00 CRITICAL syntax error, unexpected 'public' (T_PUBLIC) in /home/buybulks/public_html/wp-content/plugins/custom-customization/mycred/mycred-email-customization.php on line 146

2021-07-26T07:49:57+00:00 CRITICAL syntax error, unexpected 'public' (T_PUBLIC) in /home/buybulks/public_html/wp-content/plugins/custom-customization/mycred/mycred-email-customization.php on line 146

2021-07-26T07:49:57+00:00 CRITICAL syntax error, unexpected 'public' (T_PUBLIC) in /home/buybulks/public_html/wp-content/plugins/custom-customization/mycred/mycred-email-customization.php on line 146

2021-07-26T07:49:57+00:00 CRITICAL syntax error, unexpected 'public' (T_PUBLIC) in /home/buybulks/public_html/wp-content/plugins/custom-customization/mycred/mycred-email-customization.php on line 146

2021-07-26T07:49:57+00:00 CRITICAL syntax error, unexpected 'public' (T_PUBLIC) in /home/buybulks/public_html/wp-content/plugins/custom-customization/mycred/mycred-email-customization.php on line 146

2021-07-26T07:49:57+00:00 CRITICAL syntax error, unexpected 'public' (T_PUBLIC) in /home/buybulks/public_html/wp-content/plugins/custom-customization/mycred/mycred-email-customization.php on line 146

2021-07-26T07:49:57+00:00 CRITICAL syntax error, unexpected 'public' (T_PUBLIC) in /home/buybulks/public_html/wp-content/plugins/custom-customization/mycred/mycred-email-customization.php on line 146

2021-07-26T07:49:57+00:00 CRITICAL syntax error, unexpected 'public' (T_PUBLIC) in /home/buybulks/public_html/wp-content/plugins/custom-customization/mycred/mycred-email-customization.php on line 146

2021-07-26T07:49:57+00:00 CRITICAL syntax error, unexpected 'public' (T_PUBLIC) in /home/buybulks/public_html/wp-content/plugins/custom-customization/mycred/mycred-email-customization.php on line 146

2021-07-26T07:49:57+00:00 CRITICAL syntax error, unexpected 'public' (T_PUBLIC) in /home/buybulks/public_html/wp-content/plugins/custom-customization/mycred/mycred-email-customization.php on line 146

2021-07-26T07:49:57+00:00 CRITICAL syntax error, unexpected 'public' (T_PUBLIC) in /home/buybulks/public_html/wp-content/plugins/custom-customization/mycred/mycred-email-customization.php on line 146

2021-07-26T07:49:57+00:00 CRITICAL syntax error, unexpected 'public' (T_PUBLIC) in /home/buybulks/public_html/wp-content/plugins/custom-customization/mycred/mycred-email-customization.php on line 146

2021-07-26T07:49:57+00:00 CRITICAL syntax error, unexpected 'public' (T_PUBLIC) in /home/buybulks/public_html/wp-content/plugins/custom-customization/mycred/mycred-email-customization.php on line 146

2021-07-26T07:49:57+00:00 CRITICAL syntax error, unexpected 'public' (T_PUBLIC) in /home/buybulks/public_html/wp-content/plugins/custom-customization/mycred/mycred-email-customization.php on line 146

2021-07-26T07:49:57+00:00 CRITICAL syntax error, unexpected 'public' (T_PUBLIC) in /home/buybulks/public_html/wp-content/plugins/custom-customization/mycred/mycred-email-customization.php on line 146

2021-07-26T07:49:57+00:00 CRITICAL syntax error, unexpected 'public' (T_PUBLIC) in /home/buybulks/public_html/wp-content/plugins/custom-customization/mycred/mycred-email-customization.php on line 146

2021-07-26T07:50:09+00:00 CRITICAL syntax error, unexpected 'public' (T_PUBLIC) in /home/buybulks/public_html/wp-content/plugins/custom-customization/mycred/mycred-email-customization.php on line 146

2021-07-26T07:51:56+00:00 CRITICAL syntax error, unexpected 'public' (T_PUBLIC) in /home/buybulks/public_html/wp-content/plugins/custom-customization/mycred/mycred-email-customization.php on line 146

2021-07-26T07:52:10+00:00 CRITICAL syntax error, unexpected 'public' (T_PUBLIC) in /home/buybulks/public_html/wp-content/plugins/custom-customization/mycred/mycred-email-customization.php on line 146

2021-07-26T07:53:57+00:00 CRITICAL syntax error, unexpected 'public' (T_PUBLIC) in /home/buybulks/public_html/wp-content/plugins/custom-customization/mycred/mycred-email-customization.php on line 146

2021-07-26T08:04:06+00:00 CRITICAL Uncaught Error: Class 'myCredEmailCustomization' not found in /home/buybulks/public_html/wp-content/plugins/custom-customization/functions.php:1148
Stack trace:
#0 /home/buybulks/public_html/wp-includes/class-wp-hook.php(303): myCredEmailCustomization('')
#1 /home/buybulks/public_html/wp-includes/class-wp-hook.php(327): WP_Hook->apply_filters(Object(raffleDrawStatsCustomization), Array)
#2 /home/buybulks/public_html/wp-includes/plugin.php(470): WP_Hook->do_action(Array)
#3 /home/buybulks/public_html/wp-settings.php(441): do_action('plugins_loaded')
#4 /home/buybulks/public_html/wp-config.php(90): require_once('/home/buybulks/...')
#5 /home/buybulks/public_html/wp-load.php(50): require_once('/home/buybulks/...')
#6 /home/buybulks/public_html/wp-admin/admin-ajax.php(22): require_once('/home/buybulks/...')
#7 {main}
  thrown in /home/buybulks/public_html/wp-content/plugins/custom-customization/functions.php on line 1148

2021-07-26T08:39:14+00:00 CRITICAL Uncaught Error: Class 'raffleDrawStatsCustomization' not found in /home/buybulks/public_html/wp-content/plugins/custom-customization/functions.php:1141
Stack trace:
#0 /home/buybulks/public_html/wp-includes/class-wp-hook.php(303): raffleDrawStatsCustomization('')
#1 /home/buybulks/public_html/wp-includes/class-wp-hook.php(327): WP_Hook->apply_filters(Object(templateOverride), Array)
#2 /home/buybulks/public_html/wp-includes/plugin.php(470): WP_Hook->do_action(Array)
#3 /home/buybulks/public_html/wp-settings.php(441): do_action('plugins_loaded')
#4 /home/buybulks/public_html/wp-config.php(90): require_once('/home/buybulks/...')
#5 /home/buybulks/public_html/wp-load.php(50): require_once('/home/buybulks/...')
#6 /home/buybulks/public_html/wp-blog-header.php(13): require_once('/home/buybulks/...')
#7 /home/buybulks/public_html/index.php(17): require('/home/buybulks/...')
#8 {main}
  thrown in /home/buybulks/public_html/wp-content/plugins/custom-customization/functions.php on line 1141

2021-07-26T09:26:42+00:00 CRITICAL Uncaught Error: Call to a member function get_cart_total() on null in /home/buybulks/public_html/wp-content/plugins/custom-customization/mycred/my-cred-checkout-modification.php:191
Stack trace:
#0 /home/buybulks/public_html/wp-content/plugins/custom-customization/mycred/my-cred-checkout-modification.php(141): myCredCheckoutMofication->isNewProductInRangeOfUser(2710, 1, false)
#1 /home/buybulks/public_html/wp-includes/class-wp-hook.php(303): myCredCheckoutMofication->validateCartItemQuantity(true, 'de594ef5c314372...', Array, 3)
#2 /home/buybulks/public_html/wp-includes/plugin.php(189): WP_Hook->apply_filters(true, Array)
#3 /home/buybulks/public_html/wp-content/plugins/woocommerce/includes/class-wc-form-handler.php(677): apply_filters('woocommerce_upd...', true, 'de594ef5c314372...', Array, 3)
#4 /home/buybulks/public_html/wp-includes/class-wp-hook.php(303): WC_Form_Handler::update_cart_action('')
#5 /home/buybulks/public_html/wp-includes/class-wp-hook.php(327): WP_Hook->apply_filters(NULL, Array)
#6 /home/b in /home/buybulks/public_html/wp-content/plugins/custom-customization/mycred/my-cred-checkout-modification.php on line 191

2021-07-26T11:38:17+00:00 CRITICAL syntax error, unexpected ';' in /home/buybulks/public_html/wp-content/plugins/custom-customization/woocommerce/raffle-winning-stats.php on line 60

2021-07-26T11:38:19+00:00 CRITICAL syntax error, unexpected ';' in /home/buybulks/public_html/wp-content/plugins/custom-customization/woocommerce/raffle-winning-stats.php on line 60

2021-07-26T11:38:21+00:00 CRITICAL syntax error, unexpected ';' in /home/buybulks/public_html/wp-content/plugins/custom-customization/woocommerce/raffle-winning-stats.php on line 60

2021-07-26T11:38:21+00:00 CRITICAL syntax error, unexpected ';' in /home/buybulks/public_html/wp-content/plugins/custom-customization/woocommerce/raffle-winning-stats.php on line 60

2021-07-26T11:38:22+00:00 CRITICAL syntax error, unexpected ';' in /home/buybulks/public_html/wp-content/plugins/custom-customization/woocommerce/raffle-winning-stats.php on line 60

2021-07-26T11:38:28+00:00 CRITICAL syntax error, unexpected ';' in /home/buybulks/public_html/wp-content/plugins/custom-customization/woocommerce/raffle-winning-stats.php on line 60

2021-07-26T11:38:40+00:00 CRITICAL syntax error, unexpected ';' in /home/buybulks/public_html/wp-content/plugins/custom-customization/woocommerce/raffle-winning-stats.php on line 60

2021-07-26T11:38:45+00:00 CRITICAL syntax error, unexpected ';' in /home/buybulks/public_html/wp-content/plugins/custom-customization/woocommerce/raffle-winning-stats.php on line 60

2021-07-26T11:39:08+00:00 CRITICAL syntax error, unexpected ';' in /home/buybulks/public_html/wp-content/plugins/custom-customization/woocommerce/raffle-winning-stats.php on line 60

2021-07-26T11:39:15+00:00 CRITICAL syntax error, unexpected ';' in /home/buybulks/public_html/wp-content/plugins/custom-customization/woocommerce/raffle-winning-stats.php on line 60

2021-07-26T11:40:58+00:00 CRITICAL syntax error, unexpected ';' in /home/buybulks/public_html/wp-content/plugins/custom-customization/woocommerce/raffle-winning-stats.php on line 62

2021-07-26T11:40:59+00:00 CRITICAL syntax error, unexpected ';' in /home/buybulks/public_html/wp-content/plugins/custom-customization/woocommerce/raffle-winning-stats.php on line 62

2021-07-26T11:41:00+00:00 CRITICAL syntax error, unexpected ';' in /home/buybulks/public_html/wp-content/plugins/custom-customization/woocommerce/raffle-winning-stats.php on line 62

2021-07-26T11:41:09+00:00 CRITICAL syntax error, unexpected ';' in /home/buybulks/public_html/wp-content/plugins/custom-customization/woocommerce/raffle-winning-stats.php on line 62

2021-07-26T11:41:16+00:00 CRITICAL syntax error, unexpected ';' in /home/buybulks/public_html/wp-content/plugins/custom-customization/woocommerce/raffle-winning-stats.php on line 62

2021-07-26T11:41:24+00:00 CRITICAL syntax error, unexpected ';' in /home/buybulks/public_html/wp-content/plugins/custom-customization/woocommerce/raffle-winning-stats.php on line 62

2021-07-26T11:45:25+00:00 CRITICAL Uncaught Error: Class 'raffleDrawStatsCustomization' not found in /home/buybulks/public_html/wp-content/plugins/custom-customization/functions.php:1141
Stack trace:
#0 /home/buybulks/public_html/wp-includes/class-wp-hook.php(303): raffleDrawStatsCustomization('')
#1 /home/buybulks/public_html/wp-includes/class-wp-hook.php(327): WP_Hook->apply_filters(Object(templateOverride), Array)
#2 /home/buybulks/public_html/wp-includes/plugin.php(470): WP_Hook->do_action(Array)
#3 /home/buybulks/public_html/wp-settings.php(441): do_action('plugins_loaded')
#4 /home/buybulks/public_html/wp-config.php(90): require_once('/home/buybulks/...')
#5 /home/buybulks/public_html/wp-load.php(50): require_once('/home/buybulks/...')
#6 /home/buybulks/public_html/wp-blog-header.php(13): require_once('/home/buybulks/...')
#7 /home/buybulks/public_html/index.php(17): require('/home/buybulks/...')
#8 {main}
  thrown in /home/buybulks/public_html/wp-content/plugins/custom-customization/functions.php on line 1141

2021-07-26T13:32:03+00:00 CRITICAL syntax error, unexpected 'echo' (T_ECHO) in /home/buybulks/public_html/wp-content/plugins/custom-customization/mycred/my-cred-checkout-modification.php on line 649

2021-07-26T13:32:03+00:00 CRITICAL syntax error, unexpected 'echo' (T_ECHO) in /home/buybulks/public_html/wp-content/plugins/custom-customization/mycred/my-cred-checkout-modification.php on line 649

2021-07-26T13:32:06+00:00 CRITICAL syntax error, unexpected 'echo' (T_ECHO) in /home/buybulks/public_html/wp-content/plugins/custom-customization/mycred/my-cred-checkout-modification.php on line 649

2021-07-26T13:32:11+00:00 CRITICAL syntax error, unexpected 'echo' (T_ECHO) in /home/buybulks/public_html/wp-content/plugins/custom-customization/mycred/my-cred-checkout-modification.php on line 649

2021-07-26T13:32:12+00:00 CRITICAL syntax error, unexpected 'echo' (T_ECHO) in /home/buybulks/public_html/wp-content/plugins/custom-customization/mycred/my-cred-checkout-modification.php on line 649

2021-07-26T13:32:13+00:00 CRITICAL syntax error, unexpected 'echo' (T_ECHO) in /home/buybulks/public_html/wp-content/plugins/custom-customization/mycred/my-cred-checkout-modification.php on line 649

2021-07-26T13:32:17+00:00 CRITICAL syntax error, unexpected 'echo' (T_ECHO) in /home/buybulks/public_html/wp-content/plugins/custom-customization/mycred/my-cred-checkout-modification.php on line 649

2021-07-26T13:32:33+00:00 CRITICAL syntax error, unexpected 'echo' (T_ECHO) in /home/buybulks/public_html/wp-content/plugins/custom-customization/mycred/my-cred-checkout-modification.php on line 649

2021-07-26T13:43:17+00:00 CRITICAL Uncaught Error: Class 'myCredCheckoutMofication' not found in /home/buybulks/public_html/wp-content/plugins/custom-customization/functions.php:1103
Stack trace:
#0 /home/buybulks/public_html/wp-includes/class-wp-hook.php(303): myCredCheckoutMofication('')
#1 /home/buybulks/public_html/wp-includes/class-wp-hook.php(327): WP_Hook->apply_filters(NULL, Array)
#2 /home/buybulks/public_html/wp-includes/plugin.php(470): WP_Hook->do_action(Array)
#3 /home/buybulks/public_html/wp-settings.php(441): do_action('plugins_loaded')
#4 /home/buybulks/public_html/wp-config.php(90): require_once('/home/buybulks/...')
#5 /home/buybulks/public_html/wp-load.php(50): require_once('/home/buybulks/...')
#6 /home/buybulks/public_html/wp-admin/admin-ajax.php(22): require_once('/home/buybulks/...')
#7 {main}
  thrown in /home/buybulks/public_html/wp-content/plugins/custom-customization/functions.php on line 1103

2021-07-26T13:47:38+00:00 CRITICAL Uncaught Error: Class 'myCredCheckoutMofication' not found in /home/buybulks/public_html/wp-content/plugins/custom-customization/functions.php:1103
Stack trace:
#0 /home/buybulks/public_html/wp-includes/class-wp-hook.php(303): myCredCheckoutMofication('')
#1 /home/buybulks/public_html/wp-includes/class-wp-hook.php(327): WP_Hook->apply_filters(NULL, Array)
#2 /home/buybulks/public_html/wp-includes/plugin.php(470): WP_Hook->do_action(Array)
#3 /home/buybulks/public_html/wp-settings.php(441): do_action('plugins_loaded')
#4 /home/buybulks/public_html/wp-config.php(90): require_once('/home/buybulks/...')
#5 /home/buybulks/public_html/wp-load.php(50): require_once('/home/buybulks/...')
#6 /home/buybulks/public_html/wp-cron.php(44): require_once('/home/buybulks/...')
#7 {main}
  thrown in /home/buybulks/public_html/wp-content/plugins/custom-customization/functions.php on line 1103

2021-07-26T13:59:13+00:00 CRITICAL Uncaught Error: Class 'myCredCheckoutMofication' not found in /home/buybulks/public_html/wp-content/plugins/custom-customization/functions.php:1103
Stack trace:
#0 /home/buybulks/public_html/wp-includes/class-wp-hook.php(303): myCredCheckoutMofication('')
#1 /home/buybulks/public_html/wp-includes/class-wp-hook.php(327): WP_Hook->apply_filters(NULL, Array)
#2 /home/buybulks/public_html/wp-includes/plugin.php(470): WP_Hook->do_action(Array)
#3 /home/buybulks/public_html/wp-settings.php(441): do_action('plugins_loaded')
#4 /home/buybulks/public_html/wp-config.php(90): require_once('/home/buybulks/...')
#5 /home/buybulks/public_html/wp-load.php(50): require_once('/home/buybulks/...')
#6 /home/buybulks/public_html/wp-admin/admin.php(34): require_once('/home/buybulks/...')
#7 /home/buybulks/public_html/wp-admin/post.php(12): require_once('/home/buybulks/...')
#8 {main}
  thrown in /home/buybulks/public_html/wp-content/plugins/custom-customization/functions.php on line 1103

2021-07-26T13:59:13+00:00 CRITICAL Uncaught Error: Class 'myCredCheckoutMofication' not found in /home/buybulks/public_html/wp-content/plugins/custom-customization/functions.php:1103
Stack trace:
#0 /home/buybulks/public_html/wp-includes/class-wp-hook.php(303): myCredCheckoutMofication('')
#1 /home/buybulks/public_html/wp-includes/class-wp-hook.php(327): WP_Hook->apply_filters(NULL, Array)
#2 /home/buybulks/public_html/wp-includes/plugin.php(470): WP_Hook->do_action(Array)
#3 /home/buybulks/public_html/wp-settings.php(441): do_action('plugins_loaded')
#4 /home/buybulks/public_html/wp-config.php(90): require_once('/home/buybulks/...')
#5 /home/buybulks/public_html/wp-load.php(50): require_once('/home/buybulks/...')
#6 /home/buybulks/public_html/wp-admin/admin-ajax.php(22): require_once('/home/buybulks/...')
#7 {main}
  thrown in /home/buybulks/public_html/wp-content/plugins/custom-customization/functions.php on line 1103

