2021-08-20T08:04:07+00:00 CRITICAL Uncaught Error: Class 'bbCustomMessage' not found in /home/buybulks/public_html/wp-content/plugins/custom-customization/functions.php:1168
Stack trace:
#0 /home/buybulks/public_html/wp-includes/class-wp-hook.php(303): bbCustomMessage('')
#1 /home/buybulks/public_html/wp-includes/class-wp-hook.php(327): WP_Hook->apply_filters(Object(customCustomization), Array)
#2 /home/buybulks/public_html/wp-includes/plugin.php(470): WP_Hook->do_action(Array)
#3 /home/buybulks/public_html/wp-settings.php(441): do_action('plugins_loaded')
#4 /home/buybulks/public_html/wp-config.php(90): require_once('/home/buybulks/...')
#5 /home/buybulks/public_html/wp-load.php(50): require_once('/home/buybulks/...')
#6 /home/buybulks/public_html/wp-admin/admin-ajax.php(22): require_once('/home/buybulks/...')
#7 {main}
  thrown in /home/buybulks/public_html/wp-content/plugins/custom-customization/functions.php on line 1168

2021-08-20T12:58:41+00:00 CRITICAL Cannot redeclare customizingDokan::$icon in /home/buybulks/public_html/wp-content/plugins/custom-customization/customize-dokan.php on line 30

2021-08-20T12:59:09+00:00 CRITICAL Cannot redeclare customizingDokan::$icon in /home/buybulks/public_html/wp-content/plugins/custom-customization/customize-dokan.php on line 30

2021-08-20T12:59:19+00:00 CRITICAL Cannot redeclare customizingDokan::$icon in /home/buybulks/public_html/wp-content/plugins/custom-customization/customize-dokan.php on line 30

2021-08-20T12:59:35+00:00 CRITICAL Cannot redeclare customizingDokan::$icon in /home/buybulks/public_html/wp-content/plugins/custom-customization/customize-dokan.php on line 30

2021-08-20T13:00:10+00:00 CRITICAL Cannot redeclare customizingDokan::$icon in /home/buybulks/public_html/wp-content/plugins/custom-customization/customize-dokan.php on line 30

2021-08-20T13:00:48+00:00 CRITICAL Cannot redeclare customizingDokan::$icon in /home/buybulks/public_html/wp-content/plugins/custom-customization/customize-dokan.php on line 30

2021-08-20T13:02:11+00:00 CRITICAL Cannot redeclare customizingDokan::$icon in /home/buybulks/public_html/wp-content/plugins/custom-customization/customize-dokan.php on line 30

2021-08-20T13:02:14+00:00 CRITICAL Cannot redeclare customizingDokan::$icon in /home/buybulks/public_html/wp-content/plugins/custom-customization/customize-dokan.php on line 30

2021-08-20T13:14:47+00:00 CRITICAL Uncaught Error: Class 'customizingDokan' not found in /home/buybulks/public_html/wp-content/plugins/custom-customization/functions.php:1171
Stack trace:
#0 /home/buybulks/public_html/wp-includes/class-wp-hook.php(303): customizingDokan('')
#1 /home/buybulks/public_html/wp-includes/class-wp-hook.php(327): WP_Hook->apply_filters(Object(myCredEmailCustomization), Array)
#2 /home/buybulks/public_html/wp-includes/plugin.php(470): WP_Hook->do_action(Array)
#3 /home/buybulks/public_html/wp-settings.php(441): do_action('plugins_loaded')
#4 /home/buybulks/public_html/wp-config.php(90): require_once('/home/buybulks/...')
#5 /home/buybulks/public_html/wp-load.php(50): require_once('/home/buybulks/...')
#6 /home/buybulks/public_html/wp-admin/admin-ajax.php(22): require_once('/home/buybulks/...')
#7 {main}
  thrown in /home/buybulks/public_html/wp-content/plugins/custom-customization/functions.php on line 1171

2021-08-20T13:35:43+00:00 CRITICAL Uncaught ArgumentCountError: Too few arguments to function customizingDokan::renderACFFields(), 2 passed in /home/buybulks/public_html/wp-includes/class-wp-hook.php on line 303 and exactly 3 expected in /home/buybulks/public_html/wp-content/plugins/custom-customization/customize-dokan.php:49
Stack trace:
#0 /home/buybulks/public_html/wp-includes/class-wp-hook.php(303): customizingDokan->renderACFFields(Object(WP_Post), 11036)
#1 /home/buybulks/public_html/wp-includes/class-wp-hook.php(327): WP_Hook->apply_filters('', Array)
#2 /home/buybulks/public_html/wp-includes/plugin.php(470): WP_Hook->do_action(Array)
#3 /home/buybulks/public_html/wp-content/plugins/dokan-lite/templates/products/new-product-single.php(427): do_action('dokan_product_e...', Object(WP_Post), 11036)
#4 /home/buybulks/public_html/wp-content/plugins/dokan-lite/includes/functions.php(964): include('/home/buybulks/...')
#5 /home/buybulks/public_html/wp-content/plugins/dokan-lite/includes/Dashboard/Templates/Products.php(192): dokan_get_template in /home/buybulks/public_html/wp-content/plugins/custom-customization/customize-dokan.php on line 49

